mode: set
github.com/furqonzt99/snackbox/repositories/product/product.go:20.53,22.2 1 1
github.com/furqonzt99/snackbox/repositories/product/product.go:24.88,27.16 2 1
github.com/furqonzt99/snackbox/repositories/product/product.go:30.2,30.21 1 1
github.com/furqonzt99/snackbox/repositories/product/product.go:27.16,29.3 1 1
github.com/furqonzt99/snackbox/repositories/product/product.go:33.104,36.64 2 1
github.com/furqonzt99/snackbox/repositories/product/product.go:40.2,40.70 1 1
github.com/furqonzt99/snackbox/repositories/product/product.go:44.2,44.23 1 1
github.com/furqonzt99/snackbox/repositories/product/product.go:36.64,38.3 1 1
github.com/furqonzt99/snackbox/repositories/product/product.go:40.70,42.3 1 1
github.com/furqonzt99/snackbox/repositories/product/product.go:47.91,50.16 3 1
github.com/furqonzt99/snackbox/repositories/product/product.go:53.2,53.21 1 1
github.com/furqonzt99/snackbox/repositories/product/product.go:50.16,52.3 1 1
github.com/furqonzt99/snackbox/repositories/product/product.go:56.75,60.16 3 1
github.com/furqonzt99/snackbox/repositories/product/product.go:63.2,63.12 1 1
github.com/furqonzt99/snackbox/repositories/product/product.go:60.16,62.3 1 1
github.com/furqonzt99/snackbox/repositories/product/product.go:66.106,70.16 3 1
github.com/furqonzt99/snackbox/repositories/product/product.go:73.2,73.22 1 1
github.com/furqonzt99/snackbox/repositories/product/product.go:70.16,72.3 1 1
