mode: set
github.com/furqonzt99/snackbox/delivery/controllers/bank/bank.go:15.65,17.2 1 1
github.com/furqonzt99/snackbox/delivery/controllers/bank/bank.go:19.63,21.16 2 1
github.com/furqonzt99/snackbox/delivery/controllers/bank/bank.go:25.2,25.60 1 1
github.com/furqonzt99/snackbox/delivery/controllers/bank/bank.go:21.16,23.3 1 1
github.com/furqonzt99/snackbox/delivery/controllers/rating/rating.go:18.73,20.2 1 1
github.com/furqonzt99/snackbox/delivery/controllers/rating/rating.go:22.57,27.51 3 1
github.com/furqonzt99/snackbox/delivery/controllers/rating/rating.go:31.2,34.22 3 1
github.com/furqonzt99/snackbox/delivery/controllers/rating/rating.go:38.2,50.16 3 1
github.com/furqonzt99/snackbox/delivery/controllers/rating/rating.go:57.2,65.64 2 1
github.com/furqonzt99/snackbox/delivery/controllers/rating/rating.go:27.51,29.3 1 1
github.com/furqonzt99/snackbox/delivery/controllers/rating/rating.go:34.22,36.3 1 1
github.com/furqonzt99/snackbox/delivery/controllers/rating/rating.go:50.16,52.17 2 1
github.com/furqonzt99/snackbox/delivery/controllers/rating/rating.go:52.17,54.4 1 1
github.com/furqonzt99/snackbox/delivery/controllers/rating/rating.go:68.61,70.16 2 1
github.com/furqonzt99/snackbox/delivery/controllers/rating/rating.go:74.2,75.16 2 1
github.com/furqonzt99/snackbox/delivery/controllers/rating/rating.go:79.2,87.72 2 1
github.com/furqonzt99/snackbox/delivery/controllers/rating/rating.go:70.16,72.3 1 1
github.com/furqonzt99/snackbox/delivery/controllers/rating/rating.go:75.16,77.3 1 1
github.com/furqonzt99/snackbox/delivery/controllers/rating/request.go:21.58,22.47 1 1
github.com/furqonzt99/snackbox/delivery/controllers/rating/request.go:26.2,26.12 1 1
github.com/furqonzt99/snackbox/delivery/controllers/rating/request.go:22.47,25.3 1 1
github.com/furqonzt99/snackbox/repositories/user/user.go:20.47,22.2 1 1
github.com/furqonzt99/snackbox/repositories/user/user.go:24.78,26.16 2 1
github.com/furqonzt99/snackbox/repositories/user/user.go:29.2,29.21 1 0
github.com/furqonzt99/snackbox/repositories/user/user.go:26.16,28.3 1 1
github.com/furqonzt99/snackbox/repositories/user/user.go:32.68,35.16 3 1
github.com/furqonzt99/snackbox/repositories/user/user.go:38.2,38.18 1 1
github.com/furqonzt99/snackbox/repositories/user/user.go:35.16,37.3 1 1
github.com/furqonzt99/snackbox/repositories/user/user.go:41.64,43.76 2 1
github.com/furqonzt99/snackbox/repositories/user/user.go:46.2,46.18 1 0
github.com/furqonzt99/snackbox/repositories/user/user.go:43.76,45.3 1 1
github.com/furqonzt99/snackbox/repositories/user/user.go:49.88,51.57 2 1
github.com/furqonzt99/snackbox/repositories/user/user.go:54.2,55.21 2 0
github.com/furqonzt99/snackbox/repositories/user/user.go:51.57,53.3 1 1
github.com/furqonzt99/snackbox/repositories/user/user.go:58.67,60.57 2 1
github.com/furqonzt99/snackbox/repositories/user/user.go:63.2,64.18 2 0
github.com/furqonzt99/snackbox/repositories/user/user.go:60.57,62.3 1 1
github.com/furqonzt99/snackbox/repositories/partner/partner.go:24.53,26.2 1 1
github.com/furqonzt99/snackbox/repositories/partner/partner.go:28.90,30.16 2 1
github.com/furqonzt99/snackbox/repositories/partner/partner.go:33.2,33.21 1 1
github.com/furqonzt99/snackbox/repositories/partner/partner.go:30.16,32.3 1 1
github.com/furqonzt99/snackbox/repositories/partner/partner.go:36.107,39.64 2 1
github.com/furqonzt99/snackbox/repositories/partner/partner.go:43.2,43.70 1 1
github.com/furqonzt99/snackbox/repositories/partner/partner.go:47.2,47.23 1 1
github.com/furqonzt99/snackbox/repositories/partner/partner.go:39.64,41.3 1 1
github.com/furqonzt99/snackbox/repositories/partner/partner.go:43.70,45.3 1 0
github.com/furqonzt99/snackbox/repositories/partner/partner.go:50.71,54.16 3 1
github.com/furqonzt99/snackbox/repositories/partner/partner.go:58.2,58.21 1 1
github.com/furqonzt99/snackbox/repositories/partner/partner.go:54.16,56.3 1 1
github.com/furqonzt99/snackbox/repositories/partner/partner.go:61.82,65.16 3 1
github.com/furqonzt99/snackbox/repositories/partner/partner.go:68.2,68.21 1 1
github.com/furqonzt99/snackbox/repositories/partner/partner.go:65.16,67.3 1 1
github.com/furqonzt99/snackbox/repositories/partner/partner.go:71.76,75.16 3 1
github.com/furqonzt99/snackbox/repositories/partner/partner.go:79.2,79.21 1 1
github.com/furqonzt99/snackbox/repositories/partner/partner.go:75.16,77.3 1 1
github.com/furqonzt99/snackbox/repositories/partner/partner.go:82.73,87.43 4 1
github.com/furqonzt99/snackbox/repositories/partner/partner.go:97.2,97.16 1 1
github.com/furqonzt99/snackbox/repositories/partner/partner.go:100.2,100.12 1 1
github.com/furqonzt99/snackbox/repositories/partner/partner.go:87.43,89.17 2 1
github.com/furqonzt99/snackbox/repositories/partner/partner.go:92.3,95.13 4 1
github.com/furqonzt99/snackbox/repositories/partner/partner.go:89.17,91.4 1 1
github.com/furqonzt99/snackbox/repositories/partner/partner.go:97.16,99.3 1 1
github.com/furqonzt99/snackbox/repositories/partner/partner.go:103.73,107.16 3 1
github.com/furqonzt99/snackbox/repositories/partner/partner.go:111.2,111.12 1 1
github.com/furqonzt99/snackbox/repositories/partner/partner.go:107.16,109.3 1 1
github.com/furqonzt99/snackbox/repositories/partner/partner.go:114.79,118.16 3 1
github.com/furqonzt99/snackbox/repositories/partner/partner.go:121.2,121.21 1 0
github.com/furqonzt99/snackbox/repositories/partner/partner.go:118.16,120.3 1 1
github.com/furqonzt99/snackbox/repositories/partner/partner.go:124.81,130.2 3 1
github.com/furqonzt99/snackbox/delivery/controllers/partner/partner.go:31.80,33.2 1 1
github.com/furqonzt99/snackbox/delivery/controllers/partner/partner.go:35.60,36.36 1 1
github.com/furqonzt99/snackbox/delivery/controllers/partner/partner.go:36.36,42.48 4 1
github.com/furqonzt99/snackbox/delivery/controllers/partner/partner.go:46.3,51.31 4 1
github.com/furqonzt99/snackbox/delivery/controllers/partner/partner.go:55.3,55.17 1 1
github.com/furqonzt99/snackbox/delivery/controllers/partner/partner.go:83.3,83.30 1 1
github.com/furqonzt99/snackbox/delivery/controllers/partner/partner.go:107.3,118.71 2 1
github.com/furqonzt99/snackbox/delivery/controllers/partner/partner.go:42.48,44.4 1 1
github.com/furqonzt99/snackbox/delivery/controllers/partner/partner.go:51.31,53.4 1 1
github.com/furqonzt99/snackbox/delivery/controllers/partner/partner.go:55.17,81.4 4 1
github.com/furqonzt99/snackbox/delivery/controllers/partner/partner.go:83.30,105.4 10 1
github.com/furqonzt99/snackbox/delivery/controllers/partner/partner.go:122.61,123.36 1 1
github.com/furqonzt99/snackbox/delivery/controllers/partner/partner.go:123.36,126.17 2 1
github.com/furqonzt99/snackbox/delivery/controllers/partner/partner.go:130.3,132.28 2 1
github.com/furqonzt99/snackbox/delivery/controllers/partner/partner.go:150.3,150.71 1 1
github.com/furqonzt99/snackbox/delivery/controllers/partner/partner.go:126.17,128.4 1 1
github.com/furqonzt99/snackbox/delivery/controllers/partner/partner.go:132.28,134.32 2 1
github.com/furqonzt99/snackbox/delivery/controllers/partner/partner.go:137.4,147.6 1 1
github.com/furqonzt99/snackbox/delivery/controllers/partner/partner.go:134.32,136.5 1 1
github.com/furqonzt99/snackbox/delivery/controllers/partner/partner.go:154.61,155.36 1 1
github.com/furqonzt99/snackbox/delivery/controllers/partner/partner.go:155.36,158.17 2 1
github.com/furqonzt99/snackbox/delivery/controllers/partner/partner.go:162.3,164.29 2 1
github.com/furqonzt99/snackbox/delivery/controllers/partner/partner.go:168.3,169.17 2 1
github.com/furqonzt99/snackbox/delivery/controllers/partner/partner.go:173.3,173.69 1 1
github.com/furqonzt99/snackbox/delivery/controllers/partner/partner.go:158.17,160.4 1 1
github.com/furqonzt99/snackbox/delivery/controllers/partner/partner.go:164.29,166.4 1 1
github.com/furqonzt99/snackbox/delivery/controllers/partner/partner.go:169.17,171.4 1 1
github.com/furqonzt99/snackbox/delivery/controllers/partner/partner.go:177.61,178.36 1 1
github.com/furqonzt99/snackbox/delivery/controllers/partner/partner.go:178.36,181.17 2 1
github.com/furqonzt99/snackbox/delivery/controllers/partner/partner.go:185.3,187.29 2 1
github.com/furqonzt99/snackbox/delivery/controllers/partner/partner.go:191.3,192.17 2 1
github.com/furqonzt99/snackbox/delivery/controllers/partner/partner.go:196.3,196.69 1 1
github.com/furqonzt99/snackbox/delivery/controllers/partner/partner.go:181.17,183.4 1 1
github.com/furqonzt99/snackbox/delivery/controllers/partner/partner.go:187.29,189.4 1 1
github.com/furqonzt99/snackbox/delivery/controllers/partner/partner.go:192.17,194.4 1 1
github.com/furqonzt99/snackbox/delivery/controllers/partner/partner.go:200.62,201.36 1 0
github.com/furqonzt99/snackbox/delivery/controllers/partner/partner.go:201.36,205.17 3 0
github.com/furqonzt99/snackbox/delivery/controllers/partner/partner.go:213.3,226.68 2 0
github.com/furqonzt99/snackbox/delivery/controllers/partner/partner.go:205.17,207.4 1 0
github.com/furqonzt99/snackbox/delivery/controllers/partner/partner.go:230.65,231.36 1 1
github.com/furqonzt99/snackbox/delivery/controllers/partner/partner.go:231.36,234.17 2 1
github.com/furqonzt99/snackbox/delivery/controllers/partner/partner.go:238.3,241.41 3 1
github.com/furqonzt99/snackbox/delivery/controllers/partner/partner.go:250.3,262.65 2 1
github.com/furqonzt99/snackbox/delivery/controllers/partner/partner.go:234.17,236.4 1 1
github.com/furqonzt99/snackbox/delivery/controllers/partner/partner.go:241.41,248.4 1 0
github.com/furqonzt99/snackbox/delivery/controllers/partner/partner.go:267.64,268.36 1 0
github.com/furqonzt99/snackbox/delivery/controllers/partner/partner.go:268.36,271.17 2 0
github.com/furqonzt99/snackbox/delivery/controllers/partner/partner.go:275.3,278.40 3 0
github.com/furqonzt99/snackbox/delivery/controllers/partner/partner.go:288.3,300.65 2 0
github.com/furqonzt99/snackbox/delivery/controllers/partner/partner.go:271.17,273.4 1 0
github.com/furqonzt99/snackbox/delivery/controllers/partner/partner.go:278.40,286.4 1 0
github.com/furqonzt99/snackbox/delivery/controllers/partner/partner.go:305.58,308.47 2 1
github.com/furqonzt99/snackbox/delivery/controllers/partner/partner.go:312.2,313.16 2 1
github.com/furqonzt99/snackbox/delivery/controllers/partner/partner.go:317.2,318.16 2 1
github.com/furqonzt99/snackbox/delivery/controllers/partner/partner.go:322.2,322.63 1 1
github.com/furqonzt99/snackbox/delivery/controllers/partner/partner.go:326.2,327.16 2 1
github.com/furqonzt99/snackbox/delivery/controllers/partner/partner.go:331.2,332.16 2 1
github.com/furqonzt99/snackbox/delivery/controllers/partner/partner.go:335.2,344.42 6 1
github.com/furqonzt99/snackbox/delivery/controllers/partner/partner.go:348.2,351.33 3 1
github.com/furqonzt99/snackbox/delivery/controllers/partner/partner.go:357.2,357.66 1 1
github.com/furqonzt99/snackbox/delivery/controllers/partner/partner.go:361.2,368.16 4 0
github.com/furqonzt99/snackbox/delivery/controllers/partner/partner.go:372.2,372.68 1 0
github.com/furqonzt99/snackbox/delivery/controllers/partner/partner.go:308.47,310.3 1 0
github.com/furqonzt99/snackbox/delivery/controllers/partner/partner.go:313.16,315.3 1 0
github.com/furqonzt99/snackbox/delivery/controllers/partner/partner.go:318.16,320.3 1 0
github.com/furqonzt99/snackbox/delivery/controllers/partner/partner.go:322.63,324.3 1 0
github.com/furqonzt99/snackbox/delivery/controllers/partner/partner.go:327.16,329.3 1 0
github.com/furqonzt99/snackbox/delivery/controllers/partner/partner.go:332.16,334.3 1 0
github.com/furqonzt99/snackbox/delivery/controllers/partner/partner.go:344.42,346.3 1 0
github.com/furqonzt99/snackbox/delivery/controllers/partner/partner.go:351.33,352.67 1 1
github.com/furqonzt99/snackbox/delivery/controllers/partner/partner.go:352.67,354.4 1 0
github.com/furqonzt99/snackbox/delivery/controllers/partner/partner.go:357.66,359.3 1 1
github.com/furqonzt99/snackbox/delivery/controllers/partner/partner.go:368.16,370.3 1 0
github.com/furqonzt99/snackbox/delivery/controllers/partner/partner.go:375.54,376.36 1 1
github.com/furqonzt99/snackbox/delivery/controllers/partner/partner.go:376.36,380.17 3 1
github.com/furqonzt99/snackbox/delivery/controllers/partner/partner.go:385.3,387.42 3 1
github.com/furqonzt99/snackbox/delivery/controllers/partner/partner.go:412.3,415.27 3 1
github.com/furqonzt99/snackbox/delivery/controllers/partner/partner.go:428.3,452.37 6 1
github.com/furqonzt99/snackbox/delivery/controllers/partner/partner.go:471.3,471.66 1 1
github.com/furqonzt99/snackbox/delivery/controllers/partner/partner.go:380.17,382.4 1 1
github.com/furqonzt99/snackbox/delivery/controllers/partner/partner.go:387.42,397.50 9 1
github.com/furqonzt99/snackbox/delivery/controllers/partner/partner.go:400.4,410.37 9 1
github.com/furqonzt99/snackbox/delivery/controllers/partner/partner.go:397.50,399.5 1 1
github.com/furqonzt99/snackbox/delivery/controllers/partner/partner.go:415.27,416.21 1 1
github.com/furqonzt99/snackbox/delivery/controllers/partner/partner.go:416.21,417.22 1 1
github.com/furqonzt99/snackbox/delivery/controllers/partner/partner.go:417.22,424.6 1 1
github.com/furqonzt99/snackbox/delivery/controllers/partner/partner.go:452.37,454.39 2 1
github.com/furqonzt99/snackbox/delivery/controllers/partner/partner.go:460.4,468.6 1 1
github.com/furqonzt99/snackbox/delivery/controllers/partner/partner.go:454.39,458.5 1 1
github.com/furqonzt99/snackbox/delivery/controllers/partner/request.go:27.59,28.47 1 1
github.com/furqonzt99/snackbox/delivery/controllers/partner/request.go:32.2,32.12 1 1
github.com/furqonzt99/snackbox/delivery/controllers/partner/request.go:28.47,31.3 1 1
github.com/furqonzt99/snackbox/delivery/controllers/product/product.go:25.80,27.2 1 1
github.com/furqonzt99/snackbox/delivery/controllers/product/product.go:29.58,30.36 1 1
github.com/furqonzt99/snackbox/delivery/controllers/product/product.go:30.36,36.48 4 1
github.com/furqonzt99/snackbox/delivery/controllers/product/product.go:39.3,47.17 8 1
github.com/furqonzt99/snackbox/delivery/controllers/product/product.go:51.3,59.65 2 1
github.com/furqonzt99/snackbox/delivery/controllers/product/product.go:36.48,38.4 1 1
github.com/furqonzt99/snackbox/delivery/controllers/product/product.go:47.17,49.4 1 1
github.com/furqonzt99/snackbox/delivery/controllers/product/product.go:62.58,63.36 1 1
github.com/furqonzt99/snackbox/delivery/controllers/product/product.go:63.36,67.17 3 1
github.com/furqonzt99/snackbox/delivery/controllers/product/product.go:70.3,71.17 2 1
github.com/furqonzt99/snackbox/delivery/controllers/product/product.go:74.3,77.47 3 1
github.com/furqonzt99/snackbox/delivery/controllers/product/product.go:81.3,87.18 6 1
github.com/furqonzt99/snackbox/delivery/controllers/product/product.go:91.3,91.69 1 1
github.com/furqonzt99/snackbox/delivery/controllers/product/product.go:67.17,69.4 1 1
github.com/furqonzt99/snackbox/delivery/controllers/product/product.go:71.17,73.4 1 1
github.com/furqonzt99/snackbox/delivery/controllers/product/product.go:77.47,79.4 1 1
github.com/furqonzt99/snackbox/delivery/controllers/product/product.go:87.18,89.4 1 1
github.com/furqonzt99/snackbox/delivery/controllers/product/product.go:95.61,96.36 1 1
github.com/furqonzt99/snackbox/delivery/controllers/product/product.go:96.36,101.17 3 1
github.com/furqonzt99/snackbox/delivery/controllers/product/product.go:105.3,106.17 2 1
github.com/furqonzt99/snackbox/delivery/controllers/product/product.go:110.3,110.69 1 1
github.com/furqonzt99/snackbox/delivery/controllers/product/product.go:101.17,103.4 1 1
github.com/furqonzt99/snackbox/delivery/controllers/product/product.go:106.17,108.4 1 1
github.com/furqonzt99/snackbox/delivery/controllers/product/product.go:115.61,116.36 1 1
github.com/furqonzt99/snackbox/delivery/controllers/product/product.go:116.36,128.20 9 1
github.com/furqonzt99/snackbox/delivery/controllers/product/product.go:136.3,136.16 1 1
github.com/furqonzt99/snackbox/delivery/controllers/product/product.go:140.3,140.19 1 1
github.com/furqonzt99/snackbox/delivery/controllers/product/product.go:144.3,149.35 4 1
github.com/furqonzt99/snackbox/delivery/controllers/product/product.go:165.3,165.86 1 1
github.com/furqonzt99/snackbox/delivery/controllers/product/product.go:128.20,131.4 2 0
github.com/furqonzt99/snackbox/delivery/controllers/product/product.go:131.9,134.4 2 1
github.com/furqonzt99/snackbox/delivery/controllers/product/product.go:136.16,138.4 1 1
github.com/furqonzt99/snackbox/delivery/controllers/product/product.go:140.19,142.4 1 1
github.com/furqonzt99/snackbox/delivery/controllers/product/product.go:149.35,151.24 2 1
github.com/furqonzt99/snackbox/delivery/controllers/product/product.go:154.4,162.6 1 1
github.com/furqonzt99/snackbox/delivery/controllers/product/product.go:151.24,153.5 1 0
github.com/furqonzt99/snackbox/delivery/controllers/product/product.go:169.58,172.16 2 1
github.com/furqonzt99/snackbox/delivery/controllers/product/product.go:176.2,178.47 2 1
github.com/furqonzt99/snackbox/delivery/controllers/product/product.go:182.2,183.16 2 1
github.com/furqonzt99/snackbox/delivery/controllers/product/product.go:187.2,188.16 2 1
github.com/furqonzt99/snackbox/delivery/controllers/product/product.go:192.2,193.16 2 1
github.com/furqonzt99/snackbox/delivery/controllers/product/product.go:197.2,198.16 2 0
github.com/furqonzt99/snackbox/delivery/controllers/product/product.go:201.2,208.29 5 0
github.com/furqonzt99/snackbox/delivery/controllers/product/product.go:212.2,215.25 3 0
github.com/furqonzt99/snackbox/delivery/controllers/product/product.go:221.2,221.66 1 0
github.com/furqonzt99/snackbox/delivery/controllers/product/product.go:225.2,230.16 3 0
github.com/furqonzt99/snackbox/delivery/controllers/product/product.go:234.2,234.68 1 0
github.com/furqonzt99/snackbox/delivery/controllers/product/product.go:172.16,174.3 1 1
github.com/furqonzt99/snackbox/delivery/controllers/product/product.go:178.47,180.3 1 0
github.com/furqonzt99/snackbox/delivery/controllers/product/product.go:183.16,185.3 1 0
github.com/furqonzt99/snackbox/delivery/controllers/product/product.go:188.16,190.3 1 0
github.com/furqonzt99/snackbox/delivery/controllers/product/product.go:193.16,195.3 1 1
github.com/furqonzt99/snackbox/delivery/controllers/product/product.go:198.16,200.3 1 0
github.com/furqonzt99/snackbox/delivery/controllers/product/product.go:208.29,210.3 1 0
github.com/furqonzt99/snackbox/delivery/controllers/product/product.go:215.25,216.59 1 0
github.com/furqonzt99/snackbox/delivery/controllers/product/product.go:216.59,218.4 1 0
github.com/furqonzt99/snackbox/delivery/controllers/product/product.go:221.66,223.3 1 0
github.com/furqonzt99/snackbox/delivery/controllers/product/product.go:230.16,232.3 1 0
github.com/furqonzt99/snackbox/delivery/controllers/product/request.go:31.59,32.47 1 1
github.com/furqonzt99/snackbox/delivery/controllers/product/request.go:36.2,36.12 1 1
github.com/furqonzt99/snackbox/delivery/controllers/product/request.go:32.47,35.3 1 1
github.com/furqonzt99/snackbox/delivery/controllers/cashout/cashout.go:18.80,20.2 1 1
github.com/furqonzt99/snackbox/delivery/controllers/cashout/cashout.go:22.59,27.52 3 1
github.com/furqonzt99/snackbox/delivery/controllers/cashout/cashout.go:32.2,35.16 3 1
github.com/furqonzt99/snackbox/delivery/controllers/cashout/cashout.go:41.2,41.46 1 1
github.com/furqonzt99/snackbox/delivery/controllers/cashout/cashout.go:47.2,56.16 3 1
github.com/furqonzt99/snackbox/delivery/controllers/cashout/cashout.go:62.2,63.16 2 1
github.com/furqonzt99/snackbox/delivery/controllers/cashout/cashout.go:69.2,82.64 2 1
github.com/furqonzt99/snackbox/delivery/controllers/cashout/cashout.go:27.52,30.3 1 1
github.com/furqonzt99/snackbox/delivery/controllers/cashout/cashout.go:35.16,39.3 1 1
github.com/furqonzt99/snackbox/delivery/controllers/cashout/cashout.go:41.46,45.3 1 1
github.com/furqonzt99/snackbox/delivery/controllers/cashout/cashout.go:56.16,60.3 1 1
github.com/furqonzt99/snackbox/delivery/controllers/cashout/cashout.go:63.16,67.3 1 1
github.com/furqonzt99/snackbox/delivery/controllers/cashout/cashout.go:85.59,90.16 3 1
github.com/furqonzt99/snackbox/delivery/controllers/cashout/cashout.go:94.2,96.35 2 1
github.com/furqonzt99/snackbox/delivery/controllers/cashout/cashout.go:111.2,111.64 1 1
github.com/furqonzt99/snackbox/delivery/controllers/cashout/cashout.go:90.16,92.3 1 1
github.com/furqonzt99/snackbox/delivery/controllers/cashout/cashout.go:96.35,109.3 1 1
github.com/furqonzt99/snackbox/delivery/controllers/cashout/cashout.go:114.60,128.48 9 1
github.com/furqonzt99/snackbox/delivery/controllers/cashout/cashout.go:134.2,134.16 1 1
github.com/furqonzt99/snackbox/delivery/controllers/cashout/cashout.go:138.2,138.68 1 1
github.com/furqonzt99/snackbox/delivery/controllers/cashout/cashout.go:128.48,130.3 1 0
github.com/furqonzt99/snackbox/delivery/controllers/cashout/cashout.go:130.8,132.3 1 1
github.com/furqonzt99/snackbox/delivery/controllers/cashout/cashout.go:134.16,136.3 1 1
github.com/furqonzt99/snackbox/delivery/controllers/cashout/request.go:21.59,22.47 1 1
github.com/furqonzt99/snackbox/delivery/controllers/cashout/request.go:26.2,26.12 1 1
github.com/furqonzt99/snackbox/delivery/controllers/cashout/request.go:22.47,25.3 1 1
github.com/furqonzt99/snackbox/delivery/controllers/user/request.go:38.56,39.47 1 1
github.com/furqonzt99/snackbox/delivery/controllers/user/request.go:43.2,43.12 1 1
github.com/furqonzt99/snackbox/delivery/controllers/user/request.go:39.47,42.3 1 1
github.com/furqonzt99/snackbox/delivery/controllers/user/user.go:25.68,27.2 1 1
github.com/furqonzt99/snackbox/delivery/controllers/user/user.go:29.67,30.36 1 1
github.com/furqonzt99/snackbox/delivery/controllers/user/user.go:30.36,34.48 3 1
github.com/furqonzt99/snackbox/delivery/controllers/user/user.go:38.3,48.17 4 1
github.com/furqonzt99/snackbox/delivery/controllers/user/user.go:61.3,61.69 1 1
github.com/furqonzt99/snackbox/delivery/controllers/user/user.go:34.48,36.4 1 1
github.com/furqonzt99/snackbox/delivery/controllers/user/user.go:48.17,50.4 1 1
github.com/furqonzt99/snackbox/delivery/controllers/user/user.go:65.64,66.36 1 1
github.com/furqonzt99/snackbox/delivery/controllers/user/user.go:66.36,70.47 3 1
github.com/furqonzt99/snackbox/delivery/controllers/user/user.go:74.3,75.17 2 1
github.com/furqonzt99/snackbox/delivery/controllers/user/user.go:79.3,80.17 2 1
github.com/furqonzt99/snackbox/delivery/controllers/user/user.go:84.3,88.67 4 1
github.com/furqonzt99/snackbox/delivery/controllers/user/user.go:92.3,92.11 1 1
github.com/furqonzt99/snackbox/delivery/controllers/user/user.go:96.3,96.62 1 1
github.com/furqonzt99/snackbox/delivery/controllers/user/user.go:70.47,72.4 1 1
github.com/furqonzt99/snackbox/delivery/controllers/user/user.go:75.17,77.4 1 1
github.com/furqonzt99/snackbox/delivery/controllers/user/user.go:80.17,82.4 1 1
github.com/furqonzt99/snackbox/delivery/controllers/user/user.go:88.67,90.4 1 0
github.com/furqonzt99/snackbox/delivery/controllers/user/user.go:92.11,94.4 1 1
github.com/furqonzt99/snackbox/delivery/controllers/user/user.go:100.66,101.36 1 1
github.com/furqonzt99/snackbox/delivery/controllers/user/user.go:101.36,107.23 4 1
github.com/furqonzt99/snackbox/delivery/controllers/user/user.go:111.3,111.27 1 1
github.com/furqonzt99/snackbox/delivery/controllers/user/user.go:122.3,138.61 2 0
github.com/furqonzt99/snackbox/delivery/controllers/user/user.go:107.23,109.4 1 0
github.com/furqonzt99/snackbox/delivery/controllers/user/user.go:111.27,120.4 2 1
github.com/furqonzt99/snackbox/delivery/controllers/user/user.go:142.69,144.36 1 1
github.com/furqonzt99/snackbox/delivery/controllers/user/user.go:144.36,150.51 4 1
github.com/furqonzt99/snackbox/delivery/controllers/user/user.go:154.3,160.35 6 1
github.com/furqonzt99/snackbox/delivery/controllers/user/user.go:165.3,167.17 2 1
github.com/furqonzt99/snackbox/delivery/controllers/user/user.go:171.3,171.69 1 1
github.com/furqonzt99/snackbox/delivery/controllers/user/user.go:150.51,152.4 1 1
github.com/furqonzt99/snackbox/delivery/controllers/user/user.go:160.35,163.4 2 1
github.com/furqonzt99/snackbox/delivery/controllers/user/user.go:167.17,169.4 1 1
github.com/furqonzt99/snackbox/delivery/controllers/user/user.go:175.69,177.36 1 1
github.com/furqonzt99/snackbox/delivery/controllers/user/user.go:177.36,183.3 3 1
github.com/furqonzt99/snackbox/delivery/controllers/user/user.go:186.55,189.47 2 0
github.com/furqonzt99/snackbox/delivery/controllers/user/user.go:193.2,194.16 2 0
github.com/furqonzt99/snackbox/delivery/controllers/user/user.go:198.2,199.16 2 0
github.com/furqonzt99/snackbox/delivery/controllers/user/user.go:203.2,204.16 2 0
github.com/furqonzt99/snackbox/delivery/controllers/user/user.go:208.2,209.16 2 0
github.com/furqonzt99/snackbox/delivery/controllers/user/user.go:212.2,219.29 5 0
github.com/furqonzt99/snackbox/delivery/controllers/user/user.go:223.2,226.24 3 0
github.com/furqonzt99/snackbox/delivery/controllers/user/user.go:232.2,232.66 1 0
github.com/furqonzt99/snackbox/delivery/controllers/user/user.go:236.2,241.16 3 0
github.com/furqonzt99/snackbox/delivery/controllers/user/user.go:245.2,245.68 1 0
github.com/furqonzt99/snackbox/delivery/controllers/user/user.go:189.47,191.3 1 0
github.com/furqonzt99/snackbox/delivery/controllers/user/user.go:194.16,196.3 1 0
github.com/furqonzt99/snackbox/delivery/controllers/user/user.go:199.16,201.3 1 0
github.com/furqonzt99/snackbox/delivery/controllers/user/user.go:204.16,206.3 1 0
github.com/furqonzt99/snackbox/delivery/controllers/user/user.go:209.16,211.3 1 0
github.com/furqonzt99/snackbox/delivery/controllers/user/user.go:219.29,221.3 1 0
github.com/furqonzt99/snackbox/delivery/controllers/user/user.go:226.24,227.58 1 0
github.com/furqonzt99/snackbox/delivery/controllers/user/user.go:227.58,229.4 1 0
github.com/furqonzt99/snackbox/delivery/controllers/user/user.go:232.66,234.3 1 0
github.com/furqonzt99/snackbox/delivery/controllers/user/user.go:241.16,243.3 1 0
github.com/furqonzt99/snackbox/delivery/controllers/transaction/request.go:31.63,32.47 1 1
github.com/furqonzt99/snackbox/delivery/controllers/transaction/request.go:36.2,36.12 1 1
github.com/furqonzt99/snackbox/delivery/controllers/transaction/request.go:32.47,35.3 1 1
github.com/furqonzt99/snackbox/delivery/controllers/transaction/transaction.go:24.93,26.2 1 1
github.com/furqonzt99/snackbox/delivery/controllers/transaction/transaction.go:28.62,33.56 3 1
github.com/furqonzt99/snackbox/delivery/controllers/transaction/transaction.go:37.2,41.16 3 1
github.com/furqonzt99/snackbox/delivery/controllers/transaction/transaction.go:46.2,51.35 4 1
github.com/furqonzt99/snackbox/delivery/controllers/transaction/transaction.go:55.2,56.16 2 1
github.com/furqonzt99/snackbox/delivery/controllers/transaction/transaction.go:60.2,73.16 3 1
github.com/furqonzt99/snackbox/delivery/controllers/transaction/transaction.go:77.2,79.49 2 1
github.com/furqonzt99/snackbox/delivery/controllers/transaction/transaction.go:88.2,109.64 2 1
github.com/furqonzt99/snackbox/delivery/controllers/transaction/transaction.go:33.56,35.3 1 1
github.com/furqonzt99/snackbox/delivery/controllers/transaction/transaction.go:41.16,43.3 1 1
github.com/furqonzt99/snackbox/delivery/controllers/transaction/transaction.go:51.35,53.3 1 1
github.com/furqonzt99/snackbox/delivery/controllers/transaction/transaction.go:56.16,58.3 1 1
github.com/furqonzt99/snackbox/delivery/controllers/transaction/transaction.go:73.16,75.3 1 0
github.com/furqonzt99/snackbox/delivery/controllers/transaction/transaction.go:79.49,86.3 1 1
github.com/furqonzt99/snackbox/delivery/controllers/transaction/transaction.go:112.64,125.38 9 1
github.com/furqonzt99/snackbox/delivery/controllers/transaction/transaction.go:133.2,134.16 2 1
github.com/furqonzt99/snackbox/delivery/controllers/transaction/transaction.go:138.2,138.68 1 1
github.com/furqonzt99/snackbox/delivery/controllers/transaction/transaction.go:125.38,127.3 1 0
github.com/furqonzt99/snackbox/delivery/controllers/transaction/transaction.go:127.8,128.46 1 1
github.com/furqonzt99/snackbox/delivery/controllers/transaction/transaction.go:128.46,130.4 1 0
github.com/furqonzt99/snackbox/delivery/controllers/transaction/transaction.go:134.16,136.3 1 1
github.com/furqonzt99/snackbox/delivery/controllers/transaction/transaction.go:141.62,144.16 2 1
github.com/furqonzt99/snackbox/delivery/controllers/transaction/transaction.go:148.2,151.16 3 1
github.com/furqonzt99/snackbox/delivery/controllers/transaction/transaction.go:155.2,155.68 1 1
github.com/furqonzt99/snackbox/delivery/controllers/transaction/transaction.go:144.16,146.3 1 1
github.com/furqonzt99/snackbox/delivery/controllers/transaction/transaction.go:151.16,153.3 1 1
github.com/furqonzt99/snackbox/delivery/controllers/transaction/transaction.go:158.62,161.16 2 1
github.com/furqonzt99/snackbox/delivery/controllers/transaction/transaction.go:165.2,168.16 3 1
github.com/furqonzt99/snackbox/delivery/controllers/transaction/transaction.go:172.2,172.68 1 1
github.com/furqonzt99/snackbox/delivery/controllers/transaction/transaction.go:161.16,163.3 1 1
github.com/furqonzt99/snackbox/delivery/controllers/transaction/transaction.go:168.16,170.3 1 1
github.com/furqonzt99/snackbox/delivery/controllers/transaction/transaction.go:175.60,178.16 2 1
github.com/furqonzt99/snackbox/delivery/controllers/transaction/transaction.go:182.2,185.16 3 1
github.com/furqonzt99/snackbox/delivery/controllers/transaction/transaction.go:189.2,189.68 1 1
github.com/furqonzt99/snackbox/delivery/controllers/transaction/transaction.go:178.16,180.3 1 1
github.com/furqonzt99/snackbox/delivery/controllers/transaction/transaction.go:185.16,187.3 1 1
github.com/furqonzt99/snackbox/delivery/controllers/transaction/transaction.go:192.63,195.16 2 1
github.com/furqonzt99/snackbox/delivery/controllers/transaction/transaction.go:199.2,202.16 3 1
github.com/furqonzt99/snackbox/delivery/controllers/transaction/transaction.go:206.2,206.68 1 1
github.com/furqonzt99/snackbox/delivery/controllers/transaction/transaction.go:195.16,197.3 1 1
github.com/furqonzt99/snackbox/delivery/controllers/transaction/transaction.go:202.16,204.3 1 1
github.com/furqonzt99/snackbox/delivery/controllers/transaction/transaction.go:209.62,213.25 3 1
github.com/furqonzt99/snackbox/delivery/controllers/transaction/transaction.go:219.2,221.27 2 1
github.com/furqonzt99/snackbox/delivery/controllers/transaction/transaction.go:255.2,255.64 1 1
github.com/furqonzt99/snackbox/delivery/controllers/transaction/transaction.go:213.25,215.3 1 0
github.com/furqonzt99/snackbox/delivery/controllers/transaction/transaction.go:215.8,217.3 1 1
github.com/furqonzt99/snackbox/delivery/controllers/transaction/transaction.go:221.27,224.37 2 1
github.com/furqonzt99/snackbox/delivery/controllers/transaction/transaction.go:233.3,252.5 1 1
github.com/furqonzt99/snackbox/delivery/controllers/transaction/transaction.go:224.37,231.4 1 1
github.com/furqonzt99/snackbox/delivery/controllers/transaction/transaction.go:258.62,261.16 2 1
github.com/furqonzt99/snackbox/delivery/controllers/transaction/transaction.go:265.2,269.25 3 1
github.com/furqonzt99/snackbox/delivery/controllers/transaction/transaction.go:275.2,275.16 1 1
github.com/furqonzt99/snackbox/delivery/controllers/transaction/transaction.go:279.2,282.37 3 1
github.com/furqonzt99/snackbox/delivery/controllers/transaction/transaction.go:291.2,312.64 2 1
github.com/furqonzt99/snackbox/delivery/controllers/transaction/transaction.go:261.16,263.3 1 1
github.com/furqonzt99/snackbox/delivery/controllers/transaction/transaction.go:269.25,271.3 1 0
github.com/furqonzt99/snackbox/delivery/controllers/transaction/transaction.go:271.8,273.3 1 1
github.com/furqonzt99/snackbox/delivery/controllers/transaction/transaction.go:275.16,277.3 1 1
github.com/furqonzt99/snackbox/delivery/controllers/transaction/transaction.go:282.37,289.3 1 1
github.com/furqonzt99/snackbox/delivery/controllers/transaction/transaction.go:315.64,320.53 3 1
github.com/furqonzt99/snackbox/delivery/controllers/transaction/transaction.go:324.2,325.16 2 1
github.com/furqonzt99/snackbox/delivery/controllers/transaction/transaction.go:329.2,336.64 3 1
github.com/furqonzt99/snackbox/delivery/controllers/transaction/transaction.go:320.53,322.3 1 0
github.com/furqonzt99/snackbox/delivery/controllers/transaction/transaction.go:325.16,327.3 1 0
