mode: set
github.com/furqonzt99/snackbox/delivery/controllers/bank/bank.go:15.65,17.2 1 0
github.com/furqonzt99/snackbox/delivery/controllers/bank/bank.go:19.63,21.16 2 0
github.com/furqonzt99/snackbox/delivery/controllers/bank/bank.go:25.2,25.60 1 0
github.com/furqonzt99/snackbox/delivery/controllers/bank/bank.go:21.16,23.3 1 0
github.com/furqonzt99/snackbox/repositories/user/user.go:20.47,22.2 1 1
github.com/furqonzt99/snackbox/repositories/user/user.go:24.78,26.16 2 1
github.com/furqonzt99/snackbox/repositories/user/user.go:29.2,29.21 1 1
github.com/furqonzt99/snackbox/repositories/user/user.go:26.16,28.3 1 1
github.com/furqonzt99/snackbox/repositories/user/user.go:32.68,35.16 3 1
github.com/furqonzt99/snackbox/repositories/user/user.go:38.2,38.18 1 1
github.com/furqonzt99/snackbox/repositories/user/user.go:35.16,37.3 1 1
github.com/furqonzt99/snackbox/repositories/user/user.go:41.64,43.76 2 1
github.com/furqonzt99/snackbox/repositories/user/user.go:46.2,46.18 1 0
github.com/furqonzt99/snackbox/repositories/user/user.go:43.76,45.3 1 1
github.com/furqonzt99/snackbox/repositories/user/user.go:49.88,51.57 2 1
github.com/furqonzt99/snackbox/repositories/user/user.go:54.2,55.21 2 0
github.com/furqonzt99/snackbox/repositories/user/user.go:51.57,53.3 1 1
github.com/furqonzt99/snackbox/repositories/user/user.go:58.67,60.57 2 1
github.com/furqonzt99/snackbox/repositories/user/user.go:63.2,64.18 2 0
github.com/furqonzt99/snackbox/repositories/user/user.go:60.57,62.3 1 1
github.com/furqonzt99/snackbox/repositories/partner/partner.go:25.53,27.2 1 1
github.com/furqonzt99/snackbox/repositories/partner/partner.go:29.90,31.16 2 1
github.com/furqonzt99/snackbox/repositories/partner/partner.go:34.2,34.21 1 1
github.com/furqonzt99/snackbox/repositories/partner/partner.go:31.16,33.3 1 1
github.com/furqonzt99/snackbox/repositories/partner/partner.go:37.107,40.64 2 1
github.com/furqonzt99/snackbox/repositories/partner/partner.go:44.2,44.70 1 1
github.com/furqonzt99/snackbox/repositories/partner/partner.go:48.2,48.23 1 1
github.com/furqonzt99/snackbox/repositories/partner/partner.go:40.64,42.3 1 1
github.com/furqonzt99/snackbox/repositories/partner/partner.go:44.70,46.3 1 0
github.com/furqonzt99/snackbox/repositories/partner/partner.go:51.71,55.16 3 1
github.com/furqonzt99/snackbox/repositories/partner/partner.go:59.2,59.21 1 1
github.com/furqonzt99/snackbox/repositories/partner/partner.go:55.16,57.3 1 1
github.com/furqonzt99/snackbox/repositories/partner/partner.go:62.82,66.16 3 1
github.com/furqonzt99/snackbox/repositories/partner/partner.go:69.2,69.21 1 0
github.com/furqonzt99/snackbox/repositories/partner/partner.go:66.16,68.3 1 1
github.com/furqonzt99/snackbox/repositories/partner/partner.go:72.76,76.16 3 1
github.com/furqonzt99/snackbox/repositories/partner/partner.go:80.2,80.21 1 1
github.com/furqonzt99/snackbox/repositories/partner/partner.go:76.16,78.3 1 1
github.com/furqonzt99/snackbox/repositories/partner/partner.go:83.73,88.43 4 1
github.com/furqonzt99/snackbox/repositories/partner/partner.go:98.2,98.16 1 1
github.com/furqonzt99/snackbox/repositories/partner/partner.go:101.2,101.12 1 1
github.com/furqonzt99/snackbox/repositories/partner/partner.go:88.43,90.17 2 1
github.com/furqonzt99/snackbox/repositories/partner/partner.go:93.3,96.13 4 1
github.com/furqonzt99/snackbox/repositories/partner/partner.go:90.17,92.4 1 1
github.com/furqonzt99/snackbox/repositories/partner/partner.go:98.16,100.3 1 1
github.com/furqonzt99/snackbox/repositories/partner/partner.go:104.73,108.16 3 1
github.com/furqonzt99/snackbox/repositories/partner/partner.go:112.2,112.12 1 1
github.com/furqonzt99/snackbox/repositories/partner/partner.go:108.16,110.3 1 1
github.com/furqonzt99/snackbox/repositories/partner/partner.go:115.78,119.16 3 1
github.com/furqonzt99/snackbox/repositories/partner/partner.go:122.2,122.21 1 1
github.com/furqonzt99/snackbox/repositories/partner/partner.go:119.16,121.3 1 1
github.com/furqonzt99/snackbox/repositories/partner/partner.go:125.79,129.16 3 1
github.com/furqonzt99/snackbox/repositories/partner/partner.go:132.2,132.21 1 1
github.com/furqonzt99/snackbox/repositories/partner/partner.go:129.16,131.3 1 1
github.com/furqonzt99/snackbox/repositories/partner/partner.go:135.81,141.2 3 1
github.com/furqonzt99/snackbox/delivery/controllers/partner/partner.go:30.80,32.2 1 1
github.com/furqonzt99/snackbox/delivery/controllers/partner/partner.go:34.60,35.36 1 1
github.com/furqonzt99/snackbox/delivery/controllers/partner/partner.go:35.36,41.48 4 1
github.com/furqonzt99/snackbox/delivery/controllers/partner/partner.go:45.3,50.31 4 1
github.com/furqonzt99/snackbox/delivery/controllers/partner/partner.go:54.3,54.17 1 1
github.com/furqonzt99/snackbox/delivery/controllers/partner/partner.go:82.3,82.30 1 1
github.com/furqonzt99/snackbox/delivery/controllers/partner/partner.go:106.3,117.71 2 1
github.com/furqonzt99/snackbox/delivery/controllers/partner/partner.go:41.48,43.4 1 1
github.com/furqonzt99/snackbox/delivery/controllers/partner/partner.go:50.31,52.4 1 1
github.com/furqonzt99/snackbox/delivery/controllers/partner/partner.go:54.17,80.4 4 1
github.com/furqonzt99/snackbox/delivery/controllers/partner/partner.go:82.30,104.4 10 1
github.com/furqonzt99/snackbox/delivery/controllers/partner/partner.go:121.61,122.36 1 1
github.com/furqonzt99/snackbox/delivery/controllers/partner/partner.go:122.36,125.17 2 1
github.com/furqonzt99/snackbox/delivery/controllers/partner/partner.go:129.3,131.28 2 1
github.com/furqonzt99/snackbox/delivery/controllers/partner/partner.go:149.3,149.71 1 1
github.com/furqonzt99/snackbox/delivery/controllers/partner/partner.go:125.17,127.4 1 1
github.com/furqonzt99/snackbox/delivery/controllers/partner/partner.go:131.28,133.32 2 1
github.com/furqonzt99/snackbox/delivery/controllers/partner/partner.go:136.4,146.6 1 1
github.com/furqonzt99/snackbox/delivery/controllers/partner/partner.go:133.32,135.5 1 1
github.com/furqonzt99/snackbox/delivery/controllers/partner/partner.go:153.61,154.36 1 1
github.com/furqonzt99/snackbox/delivery/controllers/partner/partner.go:154.36,157.17 2 1
github.com/furqonzt99/snackbox/delivery/controllers/partner/partner.go:161.3,163.29 2 1
github.com/furqonzt99/snackbox/delivery/controllers/partner/partner.go:167.3,168.17 2 1
github.com/furqonzt99/snackbox/delivery/controllers/partner/partner.go:172.3,172.69 1 1
github.com/furqonzt99/snackbox/delivery/controllers/partner/partner.go:157.17,159.4 1 1
github.com/furqonzt99/snackbox/delivery/controllers/partner/partner.go:163.29,165.4 1 1
github.com/furqonzt99/snackbox/delivery/controllers/partner/partner.go:168.17,170.4 1 1
github.com/furqonzt99/snackbox/delivery/controllers/partner/partner.go:176.61,177.36 1 1
github.com/furqonzt99/snackbox/delivery/controllers/partner/partner.go:177.36,180.17 2 1
github.com/furqonzt99/snackbox/delivery/controllers/partner/partner.go:184.3,186.29 2 1
github.com/furqonzt99/snackbox/delivery/controllers/partner/partner.go:190.3,191.17 2 1
github.com/furqonzt99/snackbox/delivery/controllers/partner/partner.go:195.3,195.69 1 1
github.com/furqonzt99/snackbox/delivery/controllers/partner/partner.go:180.17,182.4 1 1
github.com/furqonzt99/snackbox/delivery/controllers/partner/partner.go:186.29,188.4 1 1
github.com/furqonzt99/snackbox/delivery/controllers/partner/partner.go:191.17,193.4 1 1
github.com/furqonzt99/snackbox/delivery/controllers/partner/partner.go:199.58,200.36 1 1
github.com/furqonzt99/snackbox/delivery/controllers/partner/partner.go:200.36,203.17 2 1
github.com/furqonzt99/snackbox/delivery/controllers/partner/partner.go:207.3,210.41 3 1
github.com/furqonzt99/snackbox/delivery/controllers/partner/partner.go:219.3,230.65 2 1
github.com/furqonzt99/snackbox/delivery/controllers/partner/partner.go:203.17,205.4 1 1
github.com/furqonzt99/snackbox/delivery/controllers/partner/partner.go:210.41,217.4 1 0
github.com/furqonzt99/snackbox/delivery/controllers/partner/partner.go:235.55,236.36 1 1
github.com/furqonzt99/snackbox/delivery/controllers/partner/partner.go:236.36,239.48 2 1
github.com/furqonzt99/snackbox/delivery/controllers/partner/partner.go:243.3,244.17 2 1
github.com/furqonzt99/snackbox/delivery/controllers/partner/partner.go:248.3,249.17 2 1
github.com/furqonzt99/snackbox/delivery/controllers/partner/partner.go:253.3,253.64 1 1
github.com/furqonzt99/snackbox/delivery/controllers/partner/partner.go:257.3,258.17 2 1
github.com/furqonzt99/snackbox/delivery/controllers/partner/partner.go:262.3,263.17 2 1
github.com/furqonzt99/snackbox/delivery/controllers/partner/partner.go:266.3,275.43 6 1
github.com/furqonzt99/snackbox/delivery/controllers/partner/partner.go:279.3,282.34 3 0
github.com/furqonzt99/snackbox/delivery/controllers/partner/partner.go:288.3,288.67 1 0
github.com/furqonzt99/snackbox/delivery/controllers/partner/partner.go:292.3,299.17 4 0
github.com/furqonzt99/snackbox/delivery/controllers/partner/partner.go:303.3,303.69 1 0
github.com/furqonzt99/snackbox/delivery/controllers/partner/partner.go:239.48,241.4 1 0
github.com/furqonzt99/snackbox/delivery/controllers/partner/partner.go:244.17,246.4 1 0
github.com/furqonzt99/snackbox/delivery/controllers/partner/partner.go:249.17,251.4 1 0
github.com/furqonzt99/snackbox/delivery/controllers/partner/partner.go:253.64,255.4 1 0
github.com/furqonzt99/snackbox/delivery/controllers/partner/partner.go:258.17,260.4 1 0
github.com/furqonzt99/snackbox/delivery/controllers/partner/partner.go:263.17,265.4 1 0
github.com/furqonzt99/snackbox/delivery/controllers/partner/partner.go:275.43,277.4 1 1
github.com/furqonzt99/snackbox/delivery/controllers/partner/partner.go:282.34,283.68 1 0
github.com/furqonzt99/snackbox/delivery/controllers/partner/partner.go:283.68,285.5 1 0
github.com/furqonzt99/snackbox/delivery/controllers/partner/partner.go:288.67,290.4 1 0
github.com/furqonzt99/snackbox/delivery/controllers/partner/partner.go:299.17,301.4 1 0
github.com/furqonzt99/snackbox/delivery/controllers/partner/partner.go:307.54,308.36 1 1
github.com/furqonzt99/snackbox/delivery/controllers/partner/partner.go:308.36,312.17 3 1
github.com/furqonzt99/snackbox/delivery/controllers/partner/partner.go:317.3,319.42 3 1
github.com/furqonzt99/snackbox/delivery/controllers/partner/partner.go:344.3,347.27 3 1
github.com/furqonzt99/snackbox/delivery/controllers/partner/partner.go:360.3,384.37 6 1
github.com/furqonzt99/snackbox/delivery/controllers/partner/partner.go:403.3,403.66 1 1
github.com/furqonzt99/snackbox/delivery/controllers/partner/partner.go:312.17,314.4 1 1
github.com/furqonzt99/snackbox/delivery/controllers/partner/partner.go:319.42,329.50 9 1
github.com/furqonzt99/snackbox/delivery/controllers/partner/partner.go:332.4,342.37 9 1
github.com/furqonzt99/snackbox/delivery/controllers/partner/partner.go:329.50,331.5 1 1
github.com/furqonzt99/snackbox/delivery/controllers/partner/partner.go:347.27,348.21 1 1
github.com/furqonzt99/snackbox/delivery/controllers/partner/partner.go:348.21,349.22 1 1
github.com/furqonzt99/snackbox/delivery/controllers/partner/partner.go:349.22,356.6 1 1
github.com/furqonzt99/snackbox/delivery/controllers/partner/partner.go:384.37,386.39 2 1
github.com/furqonzt99/snackbox/delivery/controllers/partner/partner.go:392.4,400.6 1 1
github.com/furqonzt99/snackbox/delivery/controllers/partner/partner.go:386.39,390.5 1 1
github.com/furqonzt99/snackbox/delivery/controllers/partner/request.go:27.59,28.47 1 1
github.com/furqonzt99/snackbox/delivery/controllers/partner/request.go:32.2,32.12 1 1
github.com/furqonzt99/snackbox/delivery/controllers/partner/request.go:28.47,31.3 1 1
github.com/furqonzt99/snackbox/delivery/controllers/product/product.go:25.80,27.2 1 1
github.com/furqonzt99/snackbox/delivery/controllers/product/product.go:29.58,30.36 1 1
github.com/furqonzt99/snackbox/delivery/controllers/product/product.go:30.36,36.48 4 1
github.com/furqonzt99/snackbox/delivery/controllers/product/product.go:39.3,47.17 8 1
github.com/furqonzt99/snackbox/delivery/controllers/product/product.go:51.3,59.65 2 1
github.com/furqonzt99/snackbox/delivery/controllers/product/product.go:36.48,38.4 1 1
github.com/furqonzt99/snackbox/delivery/controllers/product/product.go:47.17,49.4 1 1
github.com/furqonzt99/snackbox/delivery/controllers/product/product.go:62.58,63.36 1 1
github.com/furqonzt99/snackbox/delivery/controllers/product/product.go:63.36,67.17 3 1
github.com/furqonzt99/snackbox/delivery/controllers/product/product.go:70.3,71.17 2 1
github.com/furqonzt99/snackbox/delivery/controllers/product/product.go:74.3,77.47 3 1
github.com/furqonzt99/snackbox/delivery/controllers/product/product.go:81.3,87.18 6 1
github.com/furqonzt99/snackbox/delivery/controllers/product/product.go:91.3,91.69 1 1
github.com/furqonzt99/snackbox/delivery/controllers/product/product.go:67.17,69.4 1 1
github.com/furqonzt99/snackbox/delivery/controllers/product/product.go:71.17,73.4 1 1
github.com/furqonzt99/snackbox/delivery/controllers/product/product.go:77.47,79.4 1 1
github.com/furqonzt99/snackbox/delivery/controllers/product/product.go:87.18,89.4 1 1
github.com/furqonzt99/snackbox/delivery/controllers/product/product.go:95.61,96.36 1 1
github.com/furqonzt99/snackbox/delivery/controllers/product/product.go:96.36,101.17 3 1
github.com/furqonzt99/snackbox/delivery/controllers/product/product.go:105.3,106.17 2 1
github.com/furqonzt99/snackbox/delivery/controllers/product/product.go:110.3,110.69 1 1
github.com/furqonzt99/snackbox/delivery/controllers/product/product.go:101.17,103.4 1 1
github.com/furqonzt99/snackbox/delivery/controllers/product/product.go:106.17,108.4 1 1
github.com/furqonzt99/snackbox/delivery/controllers/product/product.go:115.61,116.36 1 1
github.com/furqonzt99/snackbox/delivery/controllers/product/product.go:116.36,122.16 4 1
github.com/furqonzt99/snackbox/delivery/controllers/product/product.go:126.3,126.19 1 1
github.com/furqonzt99/snackbox/delivery/controllers/product/product.go:130.3,135.35 4 1
github.com/furqonzt99/snackbox/delivery/controllers/product/product.go:151.3,151.86 1 1
github.com/furqonzt99/snackbox/delivery/controllers/product/product.go:122.16,124.4 1 1
github.com/furqonzt99/snackbox/delivery/controllers/product/product.go:126.19,128.4 1 1
github.com/furqonzt99/snackbox/delivery/controllers/product/product.go:135.35,137.24 2 1
github.com/furqonzt99/snackbox/delivery/controllers/product/product.go:140.4,148.6 1 1
github.com/furqonzt99/snackbox/delivery/controllers/product/product.go:137.24,139.5 1 0
github.com/furqonzt99/snackbox/delivery/controllers/product/product.go:155.58,158.16 2 1
github.com/furqonzt99/snackbox/delivery/controllers/product/product.go:162.2,164.47 2 1
github.com/furqonzt99/snackbox/delivery/controllers/product/product.go:168.2,169.16 2 1
github.com/furqonzt99/snackbox/delivery/controllers/product/product.go:173.2,174.16 2 1
github.com/furqonzt99/snackbox/delivery/controllers/product/product.go:178.2,179.16 2 1
github.com/furqonzt99/snackbox/delivery/controllers/product/product.go:183.2,184.16 2 0
github.com/furqonzt99/snackbox/delivery/controllers/product/product.go:187.2,194.29 5 0
github.com/furqonzt99/snackbox/delivery/controllers/product/product.go:198.2,201.25 3 0
github.com/furqonzt99/snackbox/delivery/controllers/product/product.go:207.2,207.66 1 0
github.com/furqonzt99/snackbox/delivery/controllers/product/product.go:211.2,216.16 3 0
github.com/furqonzt99/snackbox/delivery/controllers/product/product.go:220.2,220.68 1 0
github.com/furqonzt99/snackbox/delivery/controllers/product/product.go:158.16,160.3 1 1
github.com/furqonzt99/snackbox/delivery/controllers/product/product.go:164.47,166.3 1 0
github.com/furqonzt99/snackbox/delivery/controllers/product/product.go:169.16,171.3 1 0
github.com/furqonzt99/snackbox/delivery/controllers/product/product.go:174.16,176.3 1 0
github.com/furqonzt99/snackbox/delivery/controllers/product/product.go:179.16,181.3 1 1
github.com/furqonzt99/snackbox/delivery/controllers/product/product.go:184.16,186.3 1 0
github.com/furqonzt99/snackbox/delivery/controllers/product/product.go:194.29,196.3 1 0
github.com/furqonzt99/snackbox/delivery/controllers/product/product.go:201.25,202.59 1 0
github.com/furqonzt99/snackbox/delivery/controllers/product/product.go:202.59,204.4 1 0
github.com/furqonzt99/snackbox/delivery/controllers/product/product.go:207.66,209.3 1 0
github.com/furqonzt99/snackbox/delivery/controllers/product/product.go:216.16,218.3 1 0
github.com/furqonzt99/snackbox/delivery/controllers/product/request.go:31.59,32.47 1 1
github.com/furqonzt99/snackbox/delivery/controllers/product/request.go:36.2,36.12 1 1
github.com/furqonzt99/snackbox/delivery/controllers/product/request.go:32.47,35.3 1 1
github.com/furqonzt99/snackbox/delivery/controllers/user/request.go:38.56,39.47 1 1
github.com/furqonzt99/snackbox/delivery/controllers/user/request.go:43.2,43.12 1 1
github.com/furqonzt99/snackbox/delivery/controllers/user/request.go:39.47,42.3 1 1
github.com/furqonzt99/snackbox/delivery/controllers/user/user.go:25.68,27.2 1 1
github.com/furqonzt99/snackbox/delivery/controllers/user/user.go:29.67,30.36 1 1
github.com/furqonzt99/snackbox/delivery/controllers/user/user.go:30.36,34.48 3 1
github.com/furqonzt99/snackbox/delivery/controllers/user/user.go:38.3,48.17 4 1
github.com/furqonzt99/snackbox/delivery/controllers/user/user.go:61.3,61.69 1 1
github.com/furqonzt99/snackbox/delivery/controllers/user/user.go:34.48,36.4 1 1
github.com/furqonzt99/snackbox/delivery/controllers/user/user.go:48.17,50.4 1 1
github.com/furqonzt99/snackbox/delivery/controllers/user/user.go:65.64,66.36 1 1
github.com/furqonzt99/snackbox/delivery/controllers/user/user.go:66.36,70.47 3 1
github.com/furqonzt99/snackbox/delivery/controllers/user/user.go:74.3,75.17 2 1
github.com/furqonzt99/snackbox/delivery/controllers/user/user.go:79.3,80.17 2 1
github.com/furqonzt99/snackbox/delivery/controllers/user/user.go:84.3,88.67 4 1
github.com/furqonzt99/snackbox/delivery/controllers/user/user.go:92.3,92.11 1 1
github.com/furqonzt99/snackbox/delivery/controllers/user/user.go:96.3,96.62 1 1
github.com/furqonzt99/snackbox/delivery/controllers/user/user.go:70.47,72.4 1 1
github.com/furqonzt99/snackbox/delivery/controllers/user/user.go:75.17,77.4 1 1
github.com/furqonzt99/snackbox/delivery/controllers/user/user.go:80.17,82.4 1 1
github.com/furqonzt99/snackbox/delivery/controllers/user/user.go:88.67,90.4 1 0
github.com/furqonzt99/snackbox/delivery/controllers/user/user.go:92.11,94.4 1 1
github.com/furqonzt99/snackbox/delivery/controllers/user/user.go:100.66,101.36 1 1
github.com/furqonzt99/snackbox/delivery/controllers/user/user.go:101.36,107.23 4 1
github.com/furqonzt99/snackbox/delivery/controllers/user/user.go:111.3,111.27 1 1
github.com/furqonzt99/snackbox/delivery/controllers/user/user.go:122.3,138.61 2 0
github.com/furqonzt99/snackbox/delivery/controllers/user/user.go:107.23,109.4 1 0
github.com/furqonzt99/snackbox/delivery/controllers/user/user.go:111.27,120.4 2 1
github.com/furqonzt99/snackbox/delivery/controllers/user/user.go:142.69,144.36 1 1
github.com/furqonzt99/snackbox/delivery/controllers/user/user.go:144.36,150.51 4 1
github.com/furqonzt99/snackbox/delivery/controllers/user/user.go:154.3,160.35 6 1
github.com/furqonzt99/snackbox/delivery/controllers/user/user.go:165.3,167.17 2 1
github.com/furqonzt99/snackbox/delivery/controllers/user/user.go:171.3,171.69 1 1
github.com/furqonzt99/snackbox/delivery/controllers/user/user.go:150.51,152.4 1 1
github.com/furqonzt99/snackbox/delivery/controllers/user/user.go:160.35,163.4 2 1
github.com/furqonzt99/snackbox/delivery/controllers/user/user.go:167.17,169.4 1 1
github.com/furqonzt99/snackbox/delivery/controllers/user/user.go:175.69,177.36 1 1
github.com/furqonzt99/snackbox/delivery/controllers/user/user.go:177.36,183.3 3 1
github.com/furqonzt99/snackbox/delivery/controllers/user/user.go:186.55,189.47 2 0
github.com/furqonzt99/snackbox/delivery/controllers/user/user.go:193.2,194.16 2 0
github.com/furqonzt99/snackbox/delivery/controllers/user/user.go:198.2,199.16 2 0
github.com/furqonzt99/snackbox/delivery/controllers/user/user.go:203.2,204.16 2 0
github.com/furqonzt99/snackbox/delivery/controllers/user/user.go:208.2,209.16 2 0
github.com/furqonzt99/snackbox/delivery/controllers/user/user.go:212.2,219.29 5 0
github.com/furqonzt99/snackbox/delivery/controllers/user/user.go:223.2,226.24 3 0
github.com/furqonzt99/snackbox/delivery/controllers/user/user.go:232.2,232.66 1 0
github.com/furqonzt99/snackbox/delivery/controllers/user/user.go:236.2,241.16 3 0
github.com/furqonzt99/snackbox/delivery/controllers/user/user.go:245.2,245.68 1 0
github.com/furqonzt99/snackbox/delivery/controllers/user/user.go:189.47,191.3 1 0
github.com/furqonzt99/snackbox/delivery/controllers/user/user.go:194.16,196.3 1 0
github.com/furqonzt99/snackbox/delivery/controllers/user/user.go:199.16,201.3 1 0
github.com/furqonzt99/snackbox/delivery/controllers/user/user.go:204.16,206.3 1 0
github.com/furqonzt99/snackbox/delivery/controllers/user/user.go:209.16,211.3 1 0
github.com/furqonzt99/snackbox/delivery/controllers/user/user.go:219.29,221.3 1 0
github.com/furqonzt99/snackbox/delivery/controllers/user/user.go:226.24,227.58 1 0
github.com/furqonzt99/snackbox/delivery/controllers/user/user.go:227.58,229.4 1 0
github.com/furqonzt99/snackbox/delivery/controllers/user/user.go:232.66,234.3 1 0
github.com/furqonzt99/snackbox/delivery/controllers/user/user.go:241.16,243.3 1 0
