mode: set
github.com/furqonzt99/snackbox/delivery/controllers/transaction/transaction.go:23.93,25.2 1 1
github.com/furqonzt99/snackbox/delivery/controllers/transaction/transaction.go:27.62,32.56 3 1
github.com/furqonzt99/snackbox/delivery/controllers/transaction/transaction.go:36.2,40.16 3 1
github.com/furqonzt99/snackbox/delivery/controllers/transaction/transaction.go:45.2,50.35 4 1
github.com/furqonzt99/snackbox/delivery/controllers/transaction/transaction.go:54.2,66.16 3 1
github.com/furqonzt99/snackbox/delivery/controllers/transaction/transaction.go:70.2,72.49 2 1
github.com/furqonzt99/snackbox/delivery/controllers/transaction/transaction.go:81.2,101.64 2 1
github.com/furqonzt99/snackbox/delivery/controllers/transaction/transaction.go:32.56,34.3 1 1
github.com/furqonzt99/snackbox/delivery/controllers/transaction/transaction.go:40.16,42.3 1 1
github.com/furqonzt99/snackbox/delivery/controllers/transaction/transaction.go:50.35,52.3 1 1
github.com/furqonzt99/snackbox/delivery/controllers/transaction/transaction.go:66.16,68.3 1 1
github.com/furqonzt99/snackbox/delivery/controllers/transaction/transaction.go:72.49,79.3 1 1
github.com/furqonzt99/snackbox/delivery/controllers/transaction/transaction.go:104.64,117.38 9 1
github.com/furqonzt99/snackbox/delivery/controllers/transaction/transaction.go:125.2,126.16 2 1
github.com/furqonzt99/snackbox/delivery/controllers/transaction/transaction.go:130.2,130.68 1 1
github.com/furqonzt99/snackbox/delivery/controllers/transaction/transaction.go:117.38,119.3 1 0
github.com/furqonzt99/snackbox/delivery/controllers/transaction/transaction.go:119.8,120.46 1 1
github.com/furqonzt99/snackbox/delivery/controllers/transaction/transaction.go:120.46,122.4 1 0
github.com/furqonzt99/snackbox/delivery/controllers/transaction/transaction.go:126.16,128.3 1 1
github.com/furqonzt99/snackbox/delivery/controllers/transaction/transaction.go:133.62,136.16 2 1
github.com/furqonzt99/snackbox/delivery/controllers/transaction/transaction.go:140.2,143.16 3 1
github.com/furqonzt99/snackbox/delivery/controllers/transaction/transaction.go:147.2,147.68 1 1
github.com/furqonzt99/snackbox/delivery/controllers/transaction/transaction.go:136.16,138.3 1 1
github.com/furqonzt99/snackbox/delivery/controllers/transaction/transaction.go:143.16,145.3 1 1
github.com/furqonzt99/snackbox/delivery/controllers/transaction/transaction.go:150.62,153.16 2 1
github.com/furqonzt99/snackbox/delivery/controllers/transaction/transaction.go:157.2,160.16 3 1
github.com/furqonzt99/snackbox/delivery/controllers/transaction/transaction.go:164.2,164.68 1 1
github.com/furqonzt99/snackbox/delivery/controllers/transaction/transaction.go:153.16,155.3 1 1
github.com/furqonzt99/snackbox/delivery/controllers/transaction/transaction.go:160.16,162.3 1 1
github.com/furqonzt99/snackbox/delivery/controllers/transaction/transaction.go:167.60,170.16 2 0
github.com/furqonzt99/snackbox/delivery/controllers/transaction/transaction.go:174.2,175.16 2 0
github.com/furqonzt99/snackbox/delivery/controllers/transaction/transaction.go:179.2,180.16 2 0
github.com/furqonzt99/snackbox/delivery/controllers/transaction/transaction.go:184.2,184.68 1 0
github.com/furqonzt99/snackbox/delivery/controllers/transaction/transaction.go:170.16,172.3 1 0
github.com/furqonzt99/snackbox/delivery/controllers/transaction/transaction.go:175.16,177.3 1 0
github.com/furqonzt99/snackbox/delivery/controllers/transaction/transaction.go:180.16,182.3 1 0
github.com/furqonzt99/snackbox/delivery/controllers/transaction/transaction.go:187.63,190.16 2 0
github.com/furqonzt99/snackbox/delivery/controllers/transaction/transaction.go:194.2,195.16 2 0
github.com/furqonzt99/snackbox/delivery/controllers/transaction/transaction.go:199.2,200.16 2 0
github.com/furqonzt99/snackbox/delivery/controllers/transaction/transaction.go:204.2,204.68 1 0
github.com/furqonzt99/snackbox/delivery/controllers/transaction/transaction.go:190.16,192.3 1 0
github.com/furqonzt99/snackbox/delivery/controllers/transaction/transaction.go:195.16,197.3 1 0
github.com/furqonzt99/snackbox/delivery/controllers/transaction/transaction.go:200.16,202.3 1 0
github.com/furqonzt99/snackbox/delivery/controllers/transaction/transaction.go:207.62,209.16 2 0
github.com/furqonzt99/snackbox/delivery/controllers/transaction/transaction.go:213.2,214.25 2 0
github.com/furqonzt99/snackbox/delivery/controllers/transaction/transaction.go:220.2,222.27 2 0
github.com/furqonzt99/snackbox/delivery/controllers/transaction/transaction.go:255.2,255.64 1 0
github.com/furqonzt99/snackbox/delivery/controllers/transaction/transaction.go:209.16,211.3 1 0
github.com/furqonzt99/snackbox/delivery/controllers/transaction/transaction.go:214.25,216.3 1 0
github.com/furqonzt99/snackbox/delivery/controllers/transaction/transaction.go:216.8,218.3 1 0
github.com/furqonzt99/snackbox/delivery/controllers/transaction/transaction.go:222.27,225.37 2 0
github.com/furqonzt99/snackbox/delivery/controllers/transaction/transaction.go:234.3,252.5 1 0
github.com/furqonzt99/snackbox/delivery/controllers/transaction/transaction.go:225.37,232.4 1 0
github.com/furqonzt99/snackbox/delivery/controllers/transaction/transaction.go:258.62,261.16 2 0
github.com/furqonzt99/snackbox/delivery/controllers/transaction/transaction.go:265.2,266.16 2 0
github.com/furqonzt99/snackbox/delivery/controllers/transaction/transaction.go:270.2,272.25 2 0
github.com/furqonzt99/snackbox/delivery/controllers/transaction/transaction.go:278.2,278.16 1 0
github.com/furqonzt99/snackbox/delivery/controllers/transaction/transaction.go:282.2,285.37 3 0
github.com/furqonzt99/snackbox/delivery/controllers/transaction/transaction.go:294.2,314.64 2 0
github.com/furqonzt99/snackbox/delivery/controllers/transaction/transaction.go:261.16,263.3 1 0
github.com/furqonzt99/snackbox/delivery/controllers/transaction/transaction.go:266.16,268.3 1 0
github.com/furqonzt99/snackbox/delivery/controllers/transaction/transaction.go:272.25,274.3 1 0
github.com/furqonzt99/snackbox/delivery/controllers/transaction/transaction.go:274.8,276.3 1 0
github.com/furqonzt99/snackbox/delivery/controllers/transaction/transaction.go:278.16,280.3 1 0
github.com/furqonzt99/snackbox/delivery/controllers/transaction/transaction.go:285.37,292.3 1 0
github.com/furqonzt99/snackbox/delivery/controllers/transaction/request.go:25.63,26.47 1 1
github.com/furqonzt99/snackbox/delivery/controllers/transaction/request.go:30.2,30.12 1 1
github.com/furqonzt99/snackbox/delivery/controllers/transaction/request.go:26.47,29.3 1 1
