mode: set
github.com/furqonzt99/snackbox/delivery/controllers/transaction/request.go:31.63,32.47 1 1
github.com/furqonzt99/snackbox/delivery/controllers/transaction/request.go:36.2,36.12 1 1
github.com/furqonzt99/snackbox/delivery/controllers/transaction/request.go:32.47,35.3 1 1
github.com/furqonzt99/snackbox/delivery/controllers/transaction/transaction.go:24.93,26.2 1 1
github.com/furqonzt99/snackbox/delivery/controllers/transaction/transaction.go:28.62,33.56 3 1
github.com/furqonzt99/snackbox/delivery/controllers/transaction/transaction.go:37.2,41.16 3 1
github.com/furqonzt99/snackbox/delivery/controllers/transaction/transaction.go:46.2,51.35 4 1
github.com/furqonzt99/snackbox/delivery/controllers/transaction/transaction.go:55.2,56.16 2 1
github.com/furqonzt99/snackbox/delivery/controllers/transaction/transaction.go:60.2,73.16 3 1
github.com/furqonzt99/snackbox/delivery/controllers/transaction/transaction.go:77.2,79.49 2 1
github.com/furqonzt99/snackbox/delivery/controllers/transaction/transaction.go:88.2,109.64 2 1
github.com/furqonzt99/snackbox/delivery/controllers/transaction/transaction.go:33.56,35.3 1 1
github.com/furqonzt99/snackbox/delivery/controllers/transaction/transaction.go:41.16,43.3 1 1
github.com/furqonzt99/snackbox/delivery/controllers/transaction/transaction.go:51.35,53.3 1 1
github.com/furqonzt99/snackbox/delivery/controllers/transaction/transaction.go:56.16,58.3 1 1
github.com/furqonzt99/snackbox/delivery/controllers/transaction/transaction.go:73.16,75.3 1 0
github.com/furqonzt99/snackbox/delivery/controllers/transaction/transaction.go:79.49,86.3 1 1
github.com/furqonzt99/snackbox/delivery/controllers/transaction/transaction.go:112.64,125.38 9 1
github.com/furqonzt99/snackbox/delivery/controllers/transaction/transaction.go:133.2,134.16 2 1
github.com/furqonzt99/snackbox/delivery/controllers/transaction/transaction.go:138.2,138.68 1 1
github.com/furqonzt99/snackbox/delivery/controllers/transaction/transaction.go:125.38,127.3 1 0
github.com/furqonzt99/snackbox/delivery/controllers/transaction/transaction.go:127.8,128.46 1 1
github.com/furqonzt99/snackbox/delivery/controllers/transaction/transaction.go:128.46,130.4 1 0
github.com/furqonzt99/snackbox/delivery/controllers/transaction/transaction.go:134.16,136.3 1 1
github.com/furqonzt99/snackbox/delivery/controllers/transaction/transaction.go:141.62,144.16 2 1
github.com/furqonzt99/snackbox/delivery/controllers/transaction/transaction.go:148.2,151.16 3 1
github.com/furqonzt99/snackbox/delivery/controllers/transaction/transaction.go:155.2,155.68 1 1
github.com/furqonzt99/snackbox/delivery/controllers/transaction/transaction.go:144.16,146.3 1 1
github.com/furqonzt99/snackbox/delivery/controllers/transaction/transaction.go:151.16,153.3 1 1
github.com/furqonzt99/snackbox/delivery/controllers/transaction/transaction.go:158.62,161.16 2 1
github.com/furqonzt99/snackbox/delivery/controllers/transaction/transaction.go:165.2,168.16 3 1
github.com/furqonzt99/snackbox/delivery/controllers/transaction/transaction.go:172.2,172.68 1 1
github.com/furqonzt99/snackbox/delivery/controllers/transaction/transaction.go:161.16,163.3 1 1
github.com/furqonzt99/snackbox/delivery/controllers/transaction/transaction.go:168.16,170.3 1 1
github.com/furqonzt99/snackbox/delivery/controllers/transaction/transaction.go:175.60,178.16 2 1
github.com/furqonzt99/snackbox/delivery/controllers/transaction/transaction.go:182.2,185.16 3 1
github.com/furqonzt99/snackbox/delivery/controllers/transaction/transaction.go:189.2,189.68 1 1
github.com/furqonzt99/snackbox/delivery/controllers/transaction/transaction.go:178.16,180.3 1 1
github.com/furqonzt99/snackbox/delivery/controllers/transaction/transaction.go:185.16,187.3 1 1
github.com/furqonzt99/snackbox/delivery/controllers/transaction/transaction.go:192.63,195.16 2 1
github.com/furqonzt99/snackbox/delivery/controllers/transaction/transaction.go:199.2,202.16 3 1
github.com/furqonzt99/snackbox/delivery/controllers/transaction/transaction.go:206.2,206.68 1 1
github.com/furqonzt99/snackbox/delivery/controllers/transaction/transaction.go:195.16,197.3 1 1
github.com/furqonzt99/snackbox/delivery/controllers/transaction/transaction.go:202.16,204.3 1 1
github.com/furqonzt99/snackbox/delivery/controllers/transaction/transaction.go:209.62,213.25 3 1
github.com/furqonzt99/snackbox/delivery/controllers/transaction/transaction.go:219.2,221.27 2 1
github.com/furqonzt99/snackbox/delivery/controllers/transaction/transaction.go:255.2,255.64 1 1
github.com/furqonzt99/snackbox/delivery/controllers/transaction/transaction.go:213.25,215.3 1 0
github.com/furqonzt99/snackbox/delivery/controllers/transaction/transaction.go:215.8,217.3 1 1
github.com/furqonzt99/snackbox/delivery/controllers/transaction/transaction.go:221.27,224.37 2 1
github.com/furqonzt99/snackbox/delivery/controllers/transaction/transaction.go:233.3,252.5 1 1
github.com/furqonzt99/snackbox/delivery/controllers/transaction/transaction.go:224.37,231.4 1 1
github.com/furqonzt99/snackbox/delivery/controllers/transaction/transaction.go:258.62,261.16 2 1
github.com/furqonzt99/snackbox/delivery/controllers/transaction/transaction.go:265.2,269.25 3 1
github.com/furqonzt99/snackbox/delivery/controllers/transaction/transaction.go:275.2,275.16 1 1
github.com/furqonzt99/snackbox/delivery/controllers/transaction/transaction.go:279.2,282.37 3 1
github.com/furqonzt99/snackbox/delivery/controllers/transaction/transaction.go:291.2,312.64 2 1
github.com/furqonzt99/snackbox/delivery/controllers/transaction/transaction.go:261.16,263.3 1 1
github.com/furqonzt99/snackbox/delivery/controllers/transaction/transaction.go:269.25,271.3 1 0
github.com/furqonzt99/snackbox/delivery/controllers/transaction/transaction.go:271.8,273.3 1 1
github.com/furqonzt99/snackbox/delivery/controllers/transaction/transaction.go:275.16,277.3 1 1
github.com/furqonzt99/snackbox/delivery/controllers/transaction/transaction.go:282.37,289.3 1 1
github.com/furqonzt99/snackbox/delivery/controllers/transaction/transaction.go:315.64,320.53 3 1
github.com/furqonzt99/snackbox/delivery/controllers/transaction/transaction.go:324.2,325.16 2 1
github.com/furqonzt99/snackbox/delivery/controllers/transaction/transaction.go:329.2,336.64 3 1
github.com/furqonzt99/snackbox/delivery/controllers/transaction/transaction.go:320.53,322.3 1 1
github.com/furqonzt99/snackbox/delivery/controllers/transaction/transaction.go:325.16,327.3 1 1
