mode: set
github.com/furqonzt99/snackbox/delivery/controllers/product/product.go:25.80,27.2 1 1
github.com/furqonzt99/snackbox/delivery/controllers/product/product.go:29.58,30.36 1 1
github.com/furqonzt99/snackbox/delivery/controllers/product/product.go:30.36,36.48 4 1
github.com/furqonzt99/snackbox/delivery/controllers/product/product.go:39.3,47.17 8 1
github.com/furqonzt99/snackbox/delivery/controllers/product/product.go:51.3,59.65 2 1
github.com/furqonzt99/snackbox/delivery/controllers/product/product.go:36.48,38.4 1 1
github.com/furqonzt99/snackbox/delivery/controllers/product/product.go:47.17,49.4 1 1
github.com/furqonzt99/snackbox/delivery/controllers/product/product.go:62.58,63.36 1 1
github.com/furqonzt99/snackbox/delivery/controllers/product/product.go:63.36,67.17 3 1
github.com/furqonzt99/snackbox/delivery/controllers/product/product.go:70.3,71.17 2 1
github.com/furqonzt99/snackbox/delivery/controllers/product/product.go:74.3,77.47 3 1
github.com/furqonzt99/snackbox/delivery/controllers/product/product.go:81.3,87.18 6 1
github.com/furqonzt99/snackbox/delivery/controllers/product/product.go:91.3,91.69 1 1
github.com/furqonzt99/snackbox/delivery/controllers/product/product.go:67.17,69.4 1 1
github.com/furqonzt99/snackbox/delivery/controllers/product/product.go:71.17,73.4 1 1
github.com/furqonzt99/snackbox/delivery/controllers/product/product.go:77.47,79.4 1 1
github.com/furqonzt99/snackbox/delivery/controllers/product/product.go:87.18,89.4 1 1
github.com/furqonzt99/snackbox/delivery/controllers/product/product.go:95.61,96.36 1 1
github.com/furqonzt99/snackbox/delivery/controllers/product/product.go:96.36,101.17 3 1
github.com/furqonzt99/snackbox/delivery/controllers/product/product.go:105.3,106.17 2 1
github.com/furqonzt99/snackbox/delivery/controllers/product/product.go:110.3,110.69 1 1
github.com/furqonzt99/snackbox/delivery/controllers/product/product.go:101.17,103.4 1 1
github.com/furqonzt99/snackbox/delivery/controllers/product/product.go:106.17,108.4 1 1
github.com/furqonzt99/snackbox/delivery/controllers/product/product.go:115.61,116.36 1 1
github.com/furqonzt99/snackbox/delivery/controllers/product/product.go:116.36,122.16 4 1
github.com/furqonzt99/snackbox/delivery/controllers/product/product.go:126.3,126.19 1 1
github.com/furqonzt99/snackbox/delivery/controllers/product/product.go:130.3,135.35 4 1
github.com/furqonzt99/snackbox/delivery/controllers/product/product.go:151.3,151.86 1 1
github.com/furqonzt99/snackbox/delivery/controllers/product/product.go:122.16,124.4 1 1
github.com/furqonzt99/snackbox/delivery/controllers/product/product.go:126.19,128.4 1 1
github.com/furqonzt99/snackbox/delivery/controllers/product/product.go:135.35,137.24 2 1
github.com/furqonzt99/snackbox/delivery/controllers/product/product.go:140.4,148.6 1 1
github.com/furqonzt99/snackbox/delivery/controllers/product/product.go:137.24,139.5 1 0
github.com/furqonzt99/snackbox/delivery/controllers/product/product.go:155.58,158.16 2 1
github.com/furqonzt99/snackbox/delivery/controllers/product/product.go:162.2,164.47 2 1
github.com/furqonzt99/snackbox/delivery/controllers/product/product.go:168.2,169.16 2 1
github.com/furqonzt99/snackbox/delivery/controllers/product/product.go:173.2,174.16 2 1
github.com/furqonzt99/snackbox/delivery/controllers/product/product.go:178.2,179.16 2 1
github.com/furqonzt99/snackbox/delivery/controllers/product/product.go:183.2,184.16 2 0
github.com/furqonzt99/snackbox/delivery/controllers/product/product.go:187.2,194.29 5 0
github.com/furqonzt99/snackbox/delivery/controllers/product/product.go:198.2,201.25 3 0
github.com/furqonzt99/snackbox/delivery/controllers/product/product.go:207.2,207.66 1 0
github.com/furqonzt99/snackbox/delivery/controllers/product/product.go:211.2,216.16 3 0
github.com/furqonzt99/snackbox/delivery/controllers/product/product.go:220.2,220.68 1 0
github.com/furqonzt99/snackbox/delivery/controllers/product/product.go:158.16,160.3 1 1
github.com/furqonzt99/snackbox/delivery/controllers/product/product.go:164.47,166.3 1 0
github.com/furqonzt99/snackbox/delivery/controllers/product/product.go:169.16,171.3 1 0
github.com/furqonzt99/snackbox/delivery/controllers/product/product.go:174.16,176.3 1 0
github.com/furqonzt99/snackbox/delivery/controllers/product/product.go:179.16,181.3 1 1
github.com/furqonzt99/snackbox/delivery/controllers/product/product.go:184.16,186.3 1 0
github.com/furqonzt99/snackbox/delivery/controllers/product/product.go:194.29,196.3 1 0
github.com/furqonzt99/snackbox/delivery/controllers/product/product.go:201.25,202.59 1 0
github.com/furqonzt99/snackbox/delivery/controllers/product/product.go:202.59,204.4 1 0
github.com/furqonzt99/snackbox/delivery/controllers/product/product.go:207.66,209.3 1 0
github.com/furqonzt99/snackbox/delivery/controllers/product/product.go:216.16,218.3 1 0
github.com/furqonzt99/snackbox/delivery/controllers/product/request.go:31.59,32.47 1 1
github.com/furqonzt99/snackbox/delivery/controllers/product/request.go:36.2,36.12 1 1
github.com/furqonzt99/snackbox/delivery/controllers/product/request.go:32.47,35.3 1 1
