mode: set
github.com/furqonzt99/snackbox/delivery/controllers/user/request.go:35.56,36.47 1 1
github.com/furqonzt99/snackbox/delivery/controllers/user/request.go:40.2,40.12 1 1
github.com/furqonzt99/snackbox/delivery/controllers/user/request.go:36.47,39.3 1 1
github.com/furqonzt99/snackbox/delivery/controllers/user/user.go:20.68,22.2 1 1
github.com/furqonzt99/snackbox/delivery/controllers/user/user.go:24.67,25.36 1 1
github.com/furqonzt99/snackbox/delivery/controllers/user/user.go:25.36,29.48 3 1
github.com/furqonzt99/snackbox/delivery/controllers/user/user.go:33.3,43.17 4 1
github.com/furqonzt99/snackbox/delivery/controllers/user/user.go:56.3,56.69 1 1
github.com/furqonzt99/snackbox/delivery/controllers/user/user.go:29.48,31.4 1 1
github.com/furqonzt99/snackbox/delivery/controllers/user/user.go:43.17,45.4 1 1
github.com/furqonzt99/snackbox/delivery/controllers/user/user.go:60.64,61.36 1 1
github.com/furqonzt99/snackbox/delivery/controllers/user/user.go:61.36,65.47 3 1
github.com/furqonzt99/snackbox/delivery/controllers/user/user.go:69.3,70.17 2 1
github.com/furqonzt99/snackbox/delivery/controllers/user/user.go:74.3,75.17 2 1
github.com/furqonzt99/snackbox/delivery/controllers/user/user.go:79.3,82.27 3 1
github.com/furqonzt99/snackbox/delivery/controllers/user/user.go:86.3,86.11 1 1
github.com/furqonzt99/snackbox/delivery/controllers/user/user.go:90.3,90.62 1 1
github.com/furqonzt99/snackbox/delivery/controllers/user/user.go:65.47,67.4 1 1
github.com/furqonzt99/snackbox/delivery/controllers/user/user.go:70.17,72.4 1 0
github.com/furqonzt99/snackbox/delivery/controllers/user/user.go:75.17,77.4 1 1
github.com/furqonzt99/snackbox/delivery/controllers/user/user.go:82.27,84.4 1 0
github.com/furqonzt99/snackbox/delivery/controllers/user/user.go:86.11,88.4 1 1
github.com/furqonzt99/snackbox/delivery/controllers/user/user.go:94.66,95.36 1 0
github.com/furqonzt99/snackbox/delivery/controllers/user/user.go:95.36,100.27 3 0
github.com/furqonzt99/snackbox/delivery/controllers/user/user.go:110.3,125.61 2 0
github.com/furqonzt99/snackbox/delivery/controllers/user/user.go:100.27,108.4 2 0
github.com/furqonzt99/snackbox/delivery/controllers/user/user.go:129.69,131.36 1 0
github.com/furqonzt99/snackbox/delivery/controllers/user/user.go:131.36,137.51 4 0
github.com/furqonzt99/snackbox/delivery/controllers/user/user.go:141.3,147.35 6 0
github.com/furqonzt99/snackbox/delivery/controllers/user/user.go:152.3,154.17 2 0
github.com/furqonzt99/snackbox/delivery/controllers/user/user.go:158.3,158.69 1 0
github.com/furqonzt99/snackbox/delivery/controllers/user/user.go:137.51,139.4 1 0
github.com/furqonzt99/snackbox/delivery/controllers/user/user.go:147.35,150.4 2 0
github.com/furqonzt99/snackbox/delivery/controllers/user/user.go:154.17,156.4 1 0
github.com/furqonzt99/snackbox/delivery/controllers/user/user.go:162.69,164.36 1 0
github.com/furqonzt99/snackbox/delivery/controllers/user/user.go:164.36,170.3 3 0
