mode: set
github.com/furqonzt99/snackbox/delivery/controllers/user/user.go:20.68,22.2 1 1
github.com/furqonzt99/snackbox/delivery/controllers/user/user.go:24.67,25.36 1 1
github.com/furqonzt99/snackbox/delivery/controllers/user/user.go:25.36,29.48 3 1
github.com/furqonzt99/snackbox/delivery/controllers/user/user.go:33.3,43.17 4 1
github.com/furqonzt99/snackbox/delivery/controllers/user/user.go:56.3,56.69 1 1
github.com/furqonzt99/snackbox/delivery/controllers/user/user.go:29.48,31.4 1 1
github.com/furqonzt99/snackbox/delivery/controllers/user/user.go:43.17,45.4 1 1
github.com/furqonzt99/snackbox/delivery/controllers/user/user.go:60.64,61.36 1 1
github.com/furqonzt99/snackbox/delivery/controllers/user/user.go:61.36,65.47 3 1
github.com/furqonzt99/snackbox/delivery/controllers/user/user.go:69.3,70.17 2 1
github.com/furqonzt99/snackbox/delivery/controllers/user/user.go:74.3,75.17 2 1
github.com/furqonzt99/snackbox/delivery/controllers/user/user.go:79.3,83.67 4 1
github.com/furqonzt99/snackbox/delivery/controllers/user/user.go:87.3,87.11 1 1
github.com/furqonzt99/snackbox/delivery/controllers/user/user.go:91.3,91.62 1 1
github.com/furqonzt99/snackbox/delivery/controllers/user/user.go:65.47,67.4 1 1
github.com/furqonzt99/snackbox/delivery/controllers/user/user.go:70.17,72.4 1 1
github.com/furqonzt99/snackbox/delivery/controllers/user/user.go:75.17,77.4 1 1
github.com/furqonzt99/snackbox/delivery/controllers/user/user.go:83.67,85.4 1 0
github.com/furqonzt99/snackbox/delivery/controllers/user/user.go:87.11,89.4 1 1
github.com/furqonzt99/snackbox/delivery/controllers/user/user.go:95.66,96.36 1 1
github.com/furqonzt99/snackbox/delivery/controllers/user/user.go:96.36,101.27 3 1
github.com/furqonzt99/snackbox/delivery/controllers/user/user.go:111.3,126.61 2 0
github.com/furqonzt99/snackbox/delivery/controllers/user/user.go:101.27,109.4 2 1
github.com/furqonzt99/snackbox/delivery/controllers/user/user.go:130.69,132.36 1 1
github.com/furqonzt99/snackbox/delivery/controllers/user/user.go:132.36,138.51 4 1
github.com/furqonzt99/snackbox/delivery/controllers/user/user.go:142.3,148.35 6 1
github.com/furqonzt99/snackbox/delivery/controllers/user/user.go:153.3,155.17 2 1
github.com/furqonzt99/snackbox/delivery/controllers/user/user.go:159.3,159.69 1 1
github.com/furqonzt99/snackbox/delivery/controllers/user/user.go:138.51,140.4 1 1
github.com/furqonzt99/snackbox/delivery/controllers/user/user.go:148.35,151.4 2 1
github.com/furqonzt99/snackbox/delivery/controllers/user/user.go:155.17,157.4 1 1
github.com/furqonzt99/snackbox/delivery/controllers/user/user.go:163.69,165.36 1 1
github.com/furqonzt99/snackbox/delivery/controllers/user/user.go:165.36,171.3 3 1
github.com/furqonzt99/snackbox/delivery/controllers/user/request.go:35.56,36.47 1 1
github.com/furqonzt99/snackbox/delivery/controllers/user/request.go:40.2,40.12 1 1
github.com/furqonzt99/snackbox/delivery/controllers/user/request.go:36.47,39.3 1 1
