mode: set
github.com/furqonzt99/snackbox/delivery/controllers/rating/rating.go:18.73,20.2 1 1
github.com/furqonzt99/snackbox/delivery/controllers/rating/rating.go:22.57,24.16 2 1
github.com/furqonzt99/snackbox/delivery/controllers/rating/rating.go:28.2,32.51 3 1
github.com/furqonzt99/snackbox/delivery/controllers/rating/rating.go:36.2,39.16 3 1
github.com/furqonzt99/snackbox/delivery/controllers/rating/rating.go:43.2,52.16 3 1
github.com/furqonzt99/snackbox/delivery/controllers/rating/rating.go:59.2,68.64 2 1
github.com/furqonzt99/snackbox/delivery/controllers/rating/rating.go:24.16,26.3 1 1
github.com/furqonzt99/snackbox/delivery/controllers/rating/rating.go:32.51,34.3 1 1
github.com/furqonzt99/snackbox/delivery/controllers/rating/rating.go:39.16,41.3 1 1
github.com/furqonzt99/snackbox/delivery/controllers/rating/rating.go:52.16,54.17 2 1
github.com/furqonzt99/snackbox/delivery/controllers/rating/rating.go:54.17,56.4 1 1
github.com/furqonzt99/snackbox/delivery/controllers/rating/rating.go:71.61,73.16 2 1
github.com/furqonzt99/snackbox/delivery/controllers/rating/rating.go:77.2,78.16 2 1
github.com/furqonzt99/snackbox/delivery/controllers/rating/rating.go:82.2,91.72 2 1
github.com/furqonzt99/snackbox/delivery/controllers/rating/rating.go:73.16,75.3 1 1
github.com/furqonzt99/snackbox/delivery/controllers/rating/rating.go:78.16,80.3 1 1
github.com/furqonzt99/snackbox/delivery/controllers/rating/request.go:20.58,21.47 1 1
github.com/furqonzt99/snackbox/delivery/controllers/rating/request.go:25.2,25.12 1 1
github.com/furqonzt99/snackbox/delivery/controllers/rating/request.go:21.47,24.3 1 1
