mode: set
github.com/furqonzt99/snackbox/repositories/user/user.go:20.47,22.2 1 1
github.com/furqonzt99/snackbox/repositories/user/user.go:24.78,26.16 2 1
github.com/furqonzt99/snackbox/repositories/user/user.go:29.2,29.21 1 1
github.com/furqonzt99/snackbox/repositories/user/user.go:26.16,28.3 1 1
github.com/furqonzt99/snackbox/repositories/user/user.go:32.68,35.16 3 1
github.com/furqonzt99/snackbox/repositories/user/user.go:38.2,38.18 1 1
github.com/furqonzt99/snackbox/repositories/user/user.go:35.16,37.3 1 1
github.com/furqonzt99/snackbox/repositories/user/user.go:41.64,43.76 2 1
github.com/furqonzt99/snackbox/repositories/user/user.go:46.2,46.18 1 1
github.com/furqonzt99/snackbox/repositories/user/user.go:43.76,45.3 1 1
github.com/furqonzt99/snackbox/repositories/user/user.go:49.88,51.57 2 1
github.com/furqonzt99/snackbox/repositories/user/user.go:54.2,55.21 2 1
github.com/furqonzt99/snackbox/repositories/user/user.go:51.57,53.3 1 1
github.com/furqonzt99/snackbox/repositories/user/user.go:58.67,60.57 2 1
github.com/furqonzt99/snackbox/repositories/user/user.go:63.2,64.18 2 1
github.com/furqonzt99/snackbox/repositories/user/user.go:60.57,62.3 1 1
