mode: set
github.com/furqonzt99/snackbox/delivery/controllers/cashout/cashout.go:18.80,20.2 1 1
github.com/furqonzt99/snackbox/delivery/controllers/cashout/cashout.go:22.59,27.52 3 1
github.com/furqonzt99/snackbox/delivery/controllers/cashout/cashout.go:32.2,35.16 3 1
github.com/furqonzt99/snackbox/delivery/controllers/cashout/cashout.go:41.2,41.46 1 1
github.com/furqonzt99/snackbox/delivery/controllers/cashout/cashout.go:47.2,56.16 3 1
github.com/furqonzt99/snackbox/delivery/controllers/cashout/cashout.go:62.2,63.16 2 1
github.com/furqonzt99/snackbox/delivery/controllers/cashout/cashout.go:69.2,82.64 2 1
github.com/furqonzt99/snackbox/delivery/controllers/cashout/cashout.go:27.52,30.3 1 1
github.com/furqonzt99/snackbox/delivery/controllers/cashout/cashout.go:35.16,39.3 1 1
github.com/furqonzt99/snackbox/delivery/controllers/cashout/cashout.go:41.46,45.3 1 1
github.com/furqonzt99/snackbox/delivery/controllers/cashout/cashout.go:56.16,60.3 1 1
github.com/furqonzt99/snackbox/delivery/controllers/cashout/cashout.go:63.16,67.3 1 1
github.com/furqonzt99/snackbox/delivery/controllers/cashout/cashout.go:85.59,90.16 3 1
github.com/furqonzt99/snackbox/delivery/controllers/cashout/cashout.go:94.2,96.35 2 1
github.com/furqonzt99/snackbox/delivery/controllers/cashout/cashout.go:111.2,111.64 1 1
github.com/furqonzt99/snackbox/delivery/controllers/cashout/cashout.go:90.16,92.3 1 1
github.com/furqonzt99/snackbox/delivery/controllers/cashout/cashout.go:96.35,109.3 1 1
github.com/furqonzt99/snackbox/delivery/controllers/cashout/cashout.go:114.60,128.48 9 1
github.com/furqonzt99/snackbox/delivery/controllers/cashout/cashout.go:134.2,134.16 1 1
github.com/furqonzt99/snackbox/delivery/controllers/cashout/cashout.go:138.2,138.68 1 1
github.com/furqonzt99/snackbox/delivery/controllers/cashout/cashout.go:128.48,130.3 1 0
github.com/furqonzt99/snackbox/delivery/controllers/cashout/cashout.go:130.8,132.3 1 1
github.com/furqonzt99/snackbox/delivery/controllers/cashout/cashout.go:134.16,136.3 1 1
github.com/furqonzt99/snackbox/delivery/controllers/cashout/request.go:21.59,22.47 1 1
github.com/furqonzt99/snackbox/delivery/controllers/cashout/request.go:26.2,26.12 1 1
github.com/furqonzt99/snackbox/delivery/controllers/cashout/request.go:22.47,25.3 1 1
