mode: set
github.com/furqonzt99/snackbox/delivery/controllers/cashout/cashout.go:18.80,20.2 1 1
github.com/furqonzt99/snackbox/delivery/controllers/cashout/cashout.go:22.59,27.52 3 1
github.com/furqonzt99/snackbox/delivery/controllers/cashout/cashout.go:32.2,35.16 3 1
github.com/furqonzt99/snackbox/delivery/controllers/cashout/cashout.go:41.2,41.46 1 1
github.com/furqonzt99/snackbox/delivery/controllers/cashout/cashout.go:47.2,56.16 3 1
github.com/furqonzt99/snackbox/delivery/controllers/cashout/cashout.go:62.2,63.16 2 1
github.com/furqonzt99/snackbox/delivery/controllers/cashout/cashout.go:69.2,82.64 2 1
github.com/furqonzt99/snackbox/delivery/controllers/cashout/cashout.go:27.52,30.3 1 1
github.com/furqonzt99/snackbox/delivery/controllers/cashout/cashout.go:35.16,39.3 1 1
github.com/furqonzt99/snackbox/delivery/controllers/cashout/cashout.go:41.46,45.3 1 1
github.com/furqonzt99/snackbox/delivery/controllers/cashout/cashout.go:56.16,60.3 1 1
github.com/furqonzt99/snackbox/delivery/controllers/cashout/cashout.go:63.16,67.3 1 1
github.com/furqonzt99/snackbox/delivery/controllers/cashout/cashout.go:85.59,87.16 2 0
github.com/furqonzt99/snackbox/delivery/controllers/cashout/cashout.go:91.2,92.16 2 0
github.com/furqonzt99/snackbox/delivery/controllers/cashout/cashout.go:96.2,98.35 2 0
github.com/furqonzt99/snackbox/delivery/controllers/cashout/cashout.go:113.2,113.64 1 0
github.com/furqonzt99/snackbox/delivery/controllers/cashout/cashout.go:87.16,89.3 1 0
github.com/furqonzt99/snackbox/delivery/controllers/cashout/cashout.go:92.16,94.3 1 0
github.com/furqonzt99/snackbox/delivery/controllers/cashout/cashout.go:98.35,111.3 1 0
github.com/furqonzt99/snackbox/delivery/controllers/cashout/cashout.go:116.60,119.49 2 0
github.com/furqonzt99/snackbox/delivery/controllers/cashout/cashout.go:123.2,132.48 7 0
github.com/furqonzt99/snackbox/delivery/controllers/cashout/cashout.go:138.2,138.16 1 0
github.com/furqonzt99/snackbox/delivery/controllers/cashout/cashout.go:142.2,142.68 1 0
github.com/furqonzt99/snackbox/delivery/controllers/cashout/cashout.go:119.49,121.3 1 0
github.com/furqonzt99/snackbox/delivery/controllers/cashout/cashout.go:132.48,134.3 1 0
github.com/furqonzt99/snackbox/delivery/controllers/cashout/cashout.go:134.8,136.3 1 0
github.com/furqonzt99/snackbox/delivery/controllers/cashout/cashout.go:138.16,140.3 1 0
github.com/furqonzt99/snackbox/delivery/controllers/cashout/request.go:21.59,22.47 1 1
github.com/furqonzt99/snackbox/delivery/controllers/cashout/request.go:26.2,26.12 1 1
github.com/furqonzt99/snackbox/delivery/controllers/cashout/request.go:22.47,25.3 1 1
