mode: set
github.com/furqonzt99/snackbox/delivery/controllers/partner/partner.go:30.80,32.2 1 1
github.com/furqonzt99/snackbox/delivery/controllers/partner/partner.go:34.60,35.36 1 1
github.com/furqonzt99/snackbox/delivery/controllers/partner/partner.go:35.36,41.48 4 1
github.com/furqonzt99/snackbox/delivery/controllers/partner/partner.go:45.3,50.31 4 1
github.com/furqonzt99/snackbox/delivery/controllers/partner/partner.go:54.3,54.17 1 1
github.com/furqonzt99/snackbox/delivery/controllers/partner/partner.go:82.3,82.30 1 1
github.com/furqonzt99/snackbox/delivery/controllers/partner/partner.go:106.3,117.71 2 1
github.com/furqonzt99/snackbox/delivery/controllers/partner/partner.go:41.48,43.4 1 1
github.com/furqonzt99/snackbox/delivery/controllers/partner/partner.go:50.31,52.4 1 1
github.com/furqonzt99/snackbox/delivery/controllers/partner/partner.go:54.17,80.4 4 1
github.com/furqonzt99/snackbox/delivery/controllers/partner/partner.go:82.30,104.4 10 1
github.com/furqonzt99/snackbox/delivery/controllers/partner/partner.go:121.61,122.36 1 1
github.com/furqonzt99/snackbox/delivery/controllers/partner/partner.go:122.36,125.17 2 1
github.com/furqonzt99/snackbox/delivery/controllers/partner/partner.go:129.3,131.28 2 1
github.com/furqonzt99/snackbox/delivery/controllers/partner/partner.go:149.3,149.71 1 1
github.com/furqonzt99/snackbox/delivery/controllers/partner/partner.go:125.17,127.4 1 1
github.com/furqonzt99/snackbox/delivery/controllers/partner/partner.go:131.28,133.32 2 1
github.com/furqonzt99/snackbox/delivery/controllers/partner/partner.go:136.4,146.6 1 1
github.com/furqonzt99/snackbox/delivery/controllers/partner/partner.go:133.32,135.5 1 1
github.com/furqonzt99/snackbox/delivery/controllers/partner/partner.go:153.61,154.36 1 1
github.com/furqonzt99/snackbox/delivery/controllers/partner/partner.go:154.36,157.17 2 1
github.com/furqonzt99/snackbox/delivery/controllers/partner/partner.go:161.3,163.29 2 1
github.com/furqonzt99/snackbox/delivery/controllers/partner/partner.go:167.3,168.17 2 1
github.com/furqonzt99/snackbox/delivery/controllers/partner/partner.go:172.3,172.69 1 1
github.com/furqonzt99/snackbox/delivery/controllers/partner/partner.go:157.17,159.4 1 1
github.com/furqonzt99/snackbox/delivery/controllers/partner/partner.go:163.29,165.4 1 1
github.com/furqonzt99/snackbox/delivery/controllers/partner/partner.go:168.17,170.4 1 1
github.com/furqonzt99/snackbox/delivery/controllers/partner/partner.go:176.61,177.36 1 1
github.com/furqonzt99/snackbox/delivery/controllers/partner/partner.go:177.36,180.17 2 1
github.com/furqonzt99/snackbox/delivery/controllers/partner/partner.go:184.3,186.29 2 1
github.com/furqonzt99/snackbox/delivery/controllers/partner/partner.go:190.3,191.17 2 1
github.com/furqonzt99/snackbox/delivery/controllers/partner/partner.go:195.3,195.69 1 1
github.com/furqonzt99/snackbox/delivery/controllers/partner/partner.go:180.17,182.4 1 1
github.com/furqonzt99/snackbox/delivery/controllers/partner/partner.go:186.29,188.4 1 1
github.com/furqonzt99/snackbox/delivery/controllers/partner/partner.go:191.17,193.4 1 1
github.com/furqonzt99/snackbox/delivery/controllers/partner/partner.go:199.58,200.36 1 1
github.com/furqonzt99/snackbox/delivery/controllers/partner/partner.go:200.36,203.17 2 1
github.com/furqonzt99/snackbox/delivery/controllers/partner/partner.go:207.3,210.41 3 1
github.com/furqonzt99/snackbox/delivery/controllers/partner/partner.go:219.3,230.65 2 1
github.com/furqonzt99/snackbox/delivery/controllers/partner/partner.go:203.17,205.4 1 1
github.com/furqonzt99/snackbox/delivery/controllers/partner/partner.go:210.41,217.4 1 0
github.com/furqonzt99/snackbox/delivery/controllers/partner/partner.go:235.55,236.36 1 1
github.com/furqonzt99/snackbox/delivery/controllers/partner/partner.go:236.36,239.48 2 1
github.com/furqonzt99/snackbox/delivery/controllers/partner/partner.go:243.3,244.17 2 1
github.com/furqonzt99/snackbox/delivery/controllers/partner/partner.go:248.3,249.17 2 1
github.com/furqonzt99/snackbox/delivery/controllers/partner/partner.go:253.3,253.64 1 1
github.com/furqonzt99/snackbox/delivery/controllers/partner/partner.go:257.3,258.17 2 1
github.com/furqonzt99/snackbox/delivery/controllers/partner/partner.go:262.3,263.17 2 1
github.com/furqonzt99/snackbox/delivery/controllers/partner/partner.go:266.3,275.43 6 1
github.com/furqonzt99/snackbox/delivery/controllers/partner/partner.go:279.3,282.34 3 0
github.com/furqonzt99/snackbox/delivery/controllers/partner/partner.go:288.3,288.67 1 0
github.com/furqonzt99/snackbox/delivery/controllers/partner/partner.go:292.3,299.17 4 0
github.com/furqonzt99/snackbox/delivery/controllers/partner/partner.go:303.3,303.69 1 0
github.com/furqonzt99/snackbox/delivery/controllers/partner/partner.go:239.48,241.4 1 0
github.com/furqonzt99/snackbox/delivery/controllers/partner/partner.go:244.17,246.4 1 0
github.com/furqonzt99/snackbox/delivery/controllers/partner/partner.go:249.17,251.4 1 0
github.com/furqonzt99/snackbox/delivery/controllers/partner/partner.go:253.64,255.4 1 0
github.com/furqonzt99/snackbox/delivery/controllers/partner/partner.go:258.17,260.4 1 0
github.com/furqonzt99/snackbox/delivery/controllers/partner/partner.go:263.17,265.4 1 0
github.com/furqonzt99/snackbox/delivery/controllers/partner/partner.go:275.43,277.4 1 1
github.com/furqonzt99/snackbox/delivery/controllers/partner/partner.go:282.34,283.68 1 0
github.com/furqonzt99/snackbox/delivery/controllers/partner/partner.go:283.68,285.5 1 0
github.com/furqonzt99/snackbox/delivery/controllers/partner/partner.go:288.67,290.4 1 0
github.com/furqonzt99/snackbox/delivery/controllers/partner/partner.go:299.17,301.4 1 0
github.com/furqonzt99/snackbox/delivery/controllers/partner/partner.go:307.54,308.36 1 1
github.com/furqonzt99/snackbox/delivery/controllers/partner/partner.go:308.36,312.17 3 1
github.com/furqonzt99/snackbox/delivery/controllers/partner/partner.go:317.3,319.42 3 1
github.com/furqonzt99/snackbox/delivery/controllers/partner/partner.go:344.3,347.27 3 1
github.com/furqonzt99/snackbox/delivery/controllers/partner/partner.go:360.3,384.37 6 1
github.com/furqonzt99/snackbox/delivery/controllers/partner/partner.go:403.3,403.66 1 1
github.com/furqonzt99/snackbox/delivery/controllers/partner/partner.go:312.17,314.4 1 1
github.com/furqonzt99/snackbox/delivery/controllers/partner/partner.go:319.42,329.50 9 1
github.com/furqonzt99/snackbox/delivery/controllers/partner/partner.go:332.4,342.37 9 1
github.com/furqonzt99/snackbox/delivery/controllers/partner/partner.go:329.50,331.5 1 1
github.com/furqonzt99/snackbox/delivery/controllers/partner/partner.go:347.27,348.21 1 1
github.com/furqonzt99/snackbox/delivery/controllers/partner/partner.go:348.21,349.22 1 1
github.com/furqonzt99/snackbox/delivery/controllers/partner/partner.go:349.22,356.6 1 1
github.com/furqonzt99/snackbox/delivery/controllers/partner/partner.go:384.37,386.39 2 1
github.com/furqonzt99/snackbox/delivery/controllers/partner/partner.go:392.4,400.6 1 1
github.com/furqonzt99/snackbox/delivery/controllers/partner/partner.go:386.39,390.5 1 1
github.com/furqonzt99/snackbox/delivery/controllers/partner/request.go:27.59,28.47 1 1
github.com/furqonzt99/snackbox/delivery/controllers/partner/request.go:32.2,32.12 1 1
github.com/furqonzt99/snackbox/delivery/controllers/partner/request.go:28.47,31.3 1 1
