mode: set
github.com/furqonzt99/snackbox/repositories/partner/partner.go:25.53,27.2 1 1
github.com/furqonzt99/snackbox/repositories/partner/partner.go:29.90,31.16 2 1
github.com/furqonzt99/snackbox/repositories/partner/partner.go:34.2,34.21 1 1
github.com/furqonzt99/snackbox/repositories/partner/partner.go:31.16,33.3 1 1
github.com/furqonzt99/snackbox/repositories/partner/partner.go:37.107,40.64 2 1
github.com/furqonzt99/snackbox/repositories/partner/partner.go:44.2,44.70 1 1
github.com/furqonzt99/snackbox/repositories/partner/partner.go:48.2,48.23 1 1
github.com/furqonzt99/snackbox/repositories/partner/partner.go:40.64,42.3 1 1
github.com/furqonzt99/snackbox/repositories/partner/partner.go:44.70,46.3 1 1
github.com/furqonzt99/snackbox/repositories/partner/partner.go:51.71,55.16 3 1
github.com/furqonzt99/snackbox/repositories/partner/partner.go:59.2,59.21 1 1
github.com/furqonzt99/snackbox/repositories/partner/partner.go:55.16,57.3 1 1
github.com/furqonzt99/snackbox/repositories/partner/partner.go:62.82,66.16 3 1
github.com/furqonzt99/snackbox/repositories/partner/partner.go:69.2,69.21 1 1
github.com/furqonzt99/snackbox/repositories/partner/partner.go:66.16,68.3 1 1
github.com/furqonzt99/snackbox/repositories/partner/partner.go:72.76,76.16 3 1
github.com/furqonzt99/snackbox/repositories/partner/partner.go:80.2,80.21 1 1
github.com/furqonzt99/snackbox/repositories/partner/partner.go:76.16,78.3 1 1
github.com/furqonzt99/snackbox/repositories/partner/partner.go:83.73,88.43 4 1
github.com/furqonzt99/snackbox/repositories/partner/partner.go:98.2,98.16 1 1
github.com/furqonzt99/snackbox/repositories/partner/partner.go:101.2,101.12 1 1
github.com/furqonzt99/snackbox/repositories/partner/partner.go:88.43,90.17 2 1
github.com/furqonzt99/snackbox/repositories/partner/partner.go:93.3,96.13 4 1
github.com/furqonzt99/snackbox/repositories/partner/partner.go:90.17,92.4 1 1
github.com/furqonzt99/snackbox/repositories/partner/partner.go:98.16,100.3 1 1
github.com/furqonzt99/snackbox/repositories/partner/partner.go:104.73,108.16 3 1
github.com/furqonzt99/snackbox/repositories/partner/partner.go:112.2,112.12 1 1
github.com/furqonzt99/snackbox/repositories/partner/partner.go:108.16,110.3 1 1
github.com/furqonzt99/snackbox/repositories/partner/partner.go:115.78,119.16 3 1
github.com/furqonzt99/snackbox/repositories/partner/partner.go:122.2,122.21 1 1
github.com/furqonzt99/snackbox/repositories/partner/partner.go:119.16,121.3 1 1
github.com/furqonzt99/snackbox/repositories/partner/partner.go:125.79,129.16 3 1
github.com/furqonzt99/snackbox/repositories/partner/partner.go:132.2,132.21 1 1
github.com/furqonzt99/snackbox/repositories/partner/partner.go:129.16,131.3 1 1
github.com/furqonzt99/snackbox/repositories/partner/partner.go:135.81,139.16 3 0
github.com/furqonzt99/snackbox/repositories/partner/partner.go:142.2,142.25 1 0
github.com/furqonzt99/snackbox/repositories/partner/partner.go:139.16,141.3 1 0
